
AVRASM ver. 2.1.30  D:\Micro_AVR\Micro_AVR_code\Project\Debug\List\Slave1_pj.asm Sun Jan 26 03:10:44 2020

D:\Micro_AVR\Micro_AVR_code\Project\Debug\List\Slave1_pj.asm(1088): warning: Register r4 already defined by the .DEF directive
D:\Micro_AVR\Micro_AVR_code\Project\Debug\List\Slave1_pj.asm(1089): warning: Register r5 already defined by the .DEF directive
D:\Micro_AVR\Micro_AVR_code\Project\Debug\List\Slave1_pj.asm(1090): warning: Register r6 already defined by the .DEF directive
D:\Micro_AVR\Micro_AVR_code\Project\Debug\List\Slave1_pj.asm(1091): warning: Register r7 already defined by the .DEF directive
D:\Micro_AVR\Micro_AVR_code\Project\Debug\List\Slave1_pj.asm(1092): warning: Register r9 already defined by the .DEF directive
D:\Micro_AVR\Micro_AVR_code\Project\Debug\List\Slave1_pj.asm(1093): warning: Register r8 already defined by the .DEF directive
D:\Micro_AVR\Micro_AVR_code\Project\Debug\List\Slave1_pj.asm(1094): warning: Register r11 already defined by the .DEF directive
                 
                 
                 ;CodeVisionAVR C Compiler V3.12 Advanced
                 ;(C) Copyright 1998-2014 Pavel Haiduc, HP InfoTech s.r.l.
                 ;http://www.hpinfotech.com
                 
                 ;Build configuration    : Debug
                 ;Chip type              : ATmega32
                 ;Program type           : Application
                 ;Clock frequency        : 8.000000 MHz
                 ;Memory model           : Small
                 ;Optimize for           : Size
                 ;(s)printf features     : int, width
                 ;(s)scanf features      : int, width
                 ;External RAM size      : 0
                 ;Data Stack size        : 512 byte(s)
                 ;Heap size              : 0 byte(s)
                 ;Promote 'char' to 'int': Yes
                 ;'char' is unsigned     : Yes
                 ;8 bit enums            : Yes
                 ;Global 'const' stored in FLASH: Yes
                 ;Enhanced function parameter passing: Yes
                 ;Enhanced core instructions: On
                 ;Automatic register allocation for global variables: On
                 ;Smart register allocation: On
                 
                 	#define _MODEL_SMALL_
                 
                 	#pragma AVRPART ADMIN PART_NAME ATmega32
                 	#pragma AVRPART MEMORY PROG_FLASH 32768
                 	#pragma AVRPART MEMORY EEPROM 1024
                 	#pragma AVRPART MEMORY INT_SRAM SIZE 2048
                 	#pragma AVRPART MEMORY INT_SRAM START_ADDR 0x60
                 
                 	#define CALL_SUPPORTED 1
                 
                 	.LISTMAC
                 	.EQU UDRE=0x5
                 	.EQU RXC=0x7
                 	.EQU USR=0xB
                 	.EQU UDR=0xC
                 	.EQU SPSR=0xE
                 	.EQU SPDR=0xF
                 	.EQU EERE=0x0
                 	.EQU EEWE=0x1
                 	.EQU EEMWE=0x2
                 	.EQU EECR=0x1C
                 	.EQU EEDR=0x1D
                 	.EQU EEARL=0x1E
                 	.EQU EEARH=0x1F
                 	.EQU WDTCR=0x21
                 	.EQU MCUCR=0x35
                 	.EQU GICR=0x3B
                 	.EQU SPL=0x3D
                 	.EQU SPH=0x3E
                 	.EQU SREG=0x3F
                 
                 	.DEF R0X0=R0
                 	.DEF R0X1=R1
                 	.DEF R0X2=R2
                 	.DEF R0X3=R3
                 	.DEF R0X4=R4
                 	.DEF R0X5=R5
                 	.DEF R0X6=R6
                 	.DEF R0X7=R7
                 	.DEF R0X8=R8
                 	.DEF R0X9=R9
                 	.DEF R0XA=R10
                 	.DEF R0XB=R11
                 	.DEF R0XC=R12
                 	.DEF R0XD=R13
                 	.DEF R0XE=R14
                 	.DEF R0XF=R15
                 	.DEF R0X10=R16
                 	.DEF R0X11=R17
                 	.DEF R0X12=R18
                 	.DEF R0X13=R19
                 	.DEF R0X14=R20
                 	.DEF R0X15=R21
                 	.DEF R0X16=R22
                 	.DEF R0X17=R23
                 	.DEF R0X18=R24
                 	.DEF R0X19=R25
                 	.DEF R0X1A=R26
                 	.DEF R0X1B=R27
                 	.DEF R0X1C=R28
                 	.DEF R0X1D=R29
                 	.DEF R0X1E=R30
                 	.DEF R0X1F=R31
                 
                 	.EQU __SRAM_START=0x0060
                 	.EQU __SRAM_END=0x085F
                 	.EQU __DSTACK_SIZE=0x0200
                 	.EQU __HEAP_SIZE=0x0000
                 	.EQU __CLEAR_SRAM_SIZE=__SRAM_END-__SRAM_START+1
                 
                 	.MACRO __CPD1N
                 	CPI  R30,LOW(@0)
                 	LDI  R26,HIGH(@0)
                 	CPC  R31,R26
                 	LDI  R26,BYTE3(@0)
                 	CPC  R22,R26
                 	LDI  R26,BYTE4(@0)
                 	CPC  R23,R26
                 	.ENDM
                 
                 	.MACRO __CPD2N
                 	CPI  R26,LOW(@0)
                 	LDI  R30,HIGH(@0)
                 	CPC  R27,R30
                 	LDI  R30,BYTE3(@0)
                 	CPC  R24,R30
                 	LDI  R30,BYTE4(@0)
                 	CPC  R25,R30
                 	.ENDM
                 
                 	.MACRO __CPWRR
                 	CP   R@0,R@2
                 	CPC  R@1,R@3
                 	.ENDM
                 
                 	.MACRO __CPWRN
                 	CPI  R@0,LOW(@2)
                 	LDI  R30,HIGH(@2)
                 	CPC  R@1,R30
                 	.ENDM
                 
                 	.MACRO __ADDB1MN
                 	SUBI R30,LOW(-@0-(@1))
                 	.ENDM
                 
                 	.MACRO __ADDB2MN
                 	SUBI R26,LOW(-@0-(@1))
                 	.ENDM
                 
                 	.MACRO __ADDW1MN
                 	SUBI R30,LOW(-@0-(@1))
                 	SBCI R31,HIGH(-@0-(@1))
                 	.ENDM
                 
                 	.MACRO __ADDW2MN
                 	SUBI R26,LOW(-@0-(@1))
                 	SBCI R27,HIGH(-@0-(@1))
                 	.ENDM
                 
                 	.MACRO __ADDW1FN
                 	SUBI R30,LOW(-2*@0-(@1))
                 	SBCI R31,HIGH(-2*@0-(@1))
                 	.ENDM
                 
                 	.MACRO __ADDD1FN
                 	SUBI R30,LOW(-2*@0-(@1))
                 	SBCI R31,HIGH(-2*@0-(@1))
                 	SBCI R22,BYTE3(-2*@0-(@1))
                 	.ENDM
                 
                 	.MACRO __ADDD1N
                 	SUBI R30,LOW(-@0)
                 	SBCI R31,HIGH(-@0)
                 	SBCI R22,BYTE3(-@0)
                 	SBCI R23,BYTE4(-@0)
                 	.ENDM
                 
                 	.MACRO __ADDD2N
                 	SUBI R26,LOW(-@0)
                 	SBCI R27,HIGH(-@0)
                 	SBCI R24,BYTE3(-@0)
                 	SBCI R25,BYTE4(-@0)
                 	.ENDM
                 
                 	.MACRO __SUBD1N
                 	SUBI R30,LOW(@0)
                 	SBCI R31,HIGH(@0)
                 	SBCI R22,BYTE3(@0)
                 	SBCI R23,BYTE4(@0)
                 	.ENDM
                 
                 	.MACRO __SUBD2N
                 	SUBI R26,LOW(@0)
                 	SBCI R27,HIGH(@0)
                 	SBCI R24,BYTE3(@0)
                 	SBCI R25,BYTE4(@0)
                 	.ENDM
                 
                 	.MACRO __ANDBMNN
                 	LDS  R30,@0+(@1)
                 	ANDI R30,LOW(@2)
                 	STS  @0+(@1),R30
                 	.ENDM
                 
                 	.MACRO __ANDWMNN
                 	LDS  R30,@0+(@1)
                 	ANDI R30,LOW(@2)
                 	STS  @0+(@1),R30
                 	LDS  R30,@0+(@1)+1
                 	ANDI R30,HIGH(@2)
                 	STS  @0+(@1)+1,R30
                 	.ENDM
                 
                 	.MACRO __ANDD1N
                 	ANDI R30,LOW(@0)
                 	ANDI R31,HIGH(@0)
                 	ANDI R22,BYTE3(@0)
                 	ANDI R23,BYTE4(@0)
                 	.ENDM
                 
                 	.MACRO __ANDD2N
                 	ANDI R26,LOW(@0)
                 	ANDI R27,HIGH(@0)
                 	ANDI R24,BYTE3(@0)
                 	ANDI R25,BYTE4(@0)
                 	.ENDM
                 
                 	.MACRO __ORBMNN
                 	LDS  R30,@0+(@1)
                 	ORI  R30,LOW(@2)
                 	STS  @0+(@1),R30
                 	.ENDM
                 
                 	.MACRO __ORWMNN
                 	LDS  R30,@0+(@1)
                 	ORI  R30,LOW(@2)
                 	STS  @0+(@1),R30
                 	LDS  R30,@0+(@1)+1
                 	ORI  R30,HIGH(@2)
                 	STS  @0+(@1)+1,R30
                 	.ENDM
                 
                 	.MACRO __ORD1N
                 	ORI  R30,LOW(@0)
                 	ORI  R31,HIGH(@0)
                 	ORI  R22,BYTE3(@0)
                 	ORI  R23,BYTE4(@0)
                 	.ENDM
                 
                 	.MACRO __ORD2N
                 	ORI  R26,LOW(@0)
                 	ORI  R27,HIGH(@0)
                 	ORI  R24,BYTE3(@0)
                 	ORI  R25,BYTE4(@0)
                 	.ENDM
                 
                 	.MACRO __DELAY_USB
                 	LDI  R24,LOW(@0)
                 __DELAY_USB_LOOP:
                 	DEC  R24
                 	BRNE __DELAY_USB_LOOP
                 	.ENDM
                 
                 	.MACRO __DELAY_USW
                 	LDI  R24,LOW(@0)
                 	LDI  R25,HIGH(@0)
                 __DELAY_USW_LOOP:
                 	SBIW R24,1
                 	BRNE __DELAY_USW_LOOP
                 	.ENDM
                 
                 	.MACRO __GETD1S
                 	LDD  R30,Y+@0
                 	LDD  R31,Y+@0+1
                 	LDD  R22,Y+@0+2
                 	LDD  R23,Y+@0+3
                 	.ENDM
                 
                 	.MACRO __GETD2S
                 	LDD  R26,Y+@0
                 	LDD  R27,Y+@0+1
                 	LDD  R24,Y+@0+2
                 	LDD  R25,Y+@0+3
                 	.ENDM
                 
                 	.MACRO __PUTD1S
                 	STD  Y+@0,R30
                 	STD  Y+@0+1,R31
                 	STD  Y+@0+2,R22
                 	STD  Y+@0+3,R23
                 	.ENDM
                 
                 	.MACRO __PUTD2S
                 	STD  Y+@0,R26
                 	STD  Y+@0+1,R27
                 	STD  Y+@0+2,R24
                 	STD  Y+@0+3,R25
                 	.ENDM
                 
                 	.MACRO __PUTDZ2
                 	STD  Z+@0,R26
                 	STD  Z+@0+1,R27
                 	STD  Z+@0+2,R24
                 	STD  Z+@0+3,R25
                 	.ENDM
                 
                 	.MACRO __CLRD1S
                 	STD  Y+@0,R30
                 	STD  Y+@0+1,R30
                 	STD  Y+@0+2,R30
                 	STD  Y+@0+3,R30
                 	.ENDM
                 
                 	.MACRO __POINTB1MN
                 	LDI  R30,LOW(@0+(@1))
                 	.ENDM
                 
                 	.MACRO __POINTW1MN
                 	LDI  R30,LOW(@0+(@1))
                 	LDI  R31,HIGH(@0+(@1))
                 	.ENDM
                 
                 	.MACRO __POINTD1M
                 	LDI  R30,LOW(@0)
                 	LDI  R31,HIGH(@0)
                 	LDI  R22,BYTE3(@0)
                 	LDI  R23,BYTE4(@0)
                 	.ENDM
                 
                 	.MACRO __POINTW1FN
                 	LDI  R30,LOW(2*@0+(@1))
                 	LDI  R31,HIGH(2*@0+(@1))
                 	.ENDM
                 
                 	.MACRO __POINTD1FN
                 	LDI  R30,LOW(2*@0+(@1))
                 	LDI  R31,HIGH(2*@0+(@1))
                 	LDI  R22,BYTE3(2*@0+(@1))
                 	LDI  R23,BYTE4(2*@0+(@1))
                 	.ENDM
                 
                 	.MACRO __POINTB2MN
                 	LDI  R26,LOW(@0+(@1))
                 	.ENDM
                 
                 	.MACRO __POINTW2MN
                 	LDI  R26,LOW(@0+(@1))
                 	LDI  R27,HIGH(@0+(@1))
                 	.ENDM
                 
                 	.MACRO __POINTW2FN
                 	LDI  R26,LOW(2*@0+(@1))
                 	LDI  R27,HIGH(2*@0+(@1))
                 	.ENDM
                 
                 	.MACRO __POINTD2FN
                 	LDI  R26,LOW(2*@0+(@1))
                 	LDI  R27,HIGH(2*@0+(@1))
                 	LDI  R24,BYTE3(2*@0+(@1))
                 	LDI  R25,BYTE4(2*@0+(@1))
                 	.ENDM
                 
                 	.MACRO __POINTBRM
                 	LDI  R@0,LOW(@1)
                 	.ENDM
                 
                 	.MACRO __POINTWRM
                 	LDI  R@0,LOW(@2)
                 	LDI  R@1,HIGH(@2)
                 	.ENDM
                 
                 	.MACRO __POINTBRMN
                 	LDI  R@0,LOW(@1+(@2))
                 	.ENDM
                 
                 	.MACRO __POINTWRMN
                 	LDI  R@0,LOW(@2+(@3))
                 	LDI  R@1,HIGH(@2+(@3))
                 	.ENDM
                 
                 	.MACRO __POINTWRFN
                 	LDI  R@0,LOW(@2*2+(@3))
                 	LDI  R@1,HIGH(@2*2+(@3))
                 	.ENDM
                 
                 	.MACRO __GETD1N
                 	LDI  R30,LOW(@0)
                 	LDI  R31,HIGH(@0)
                 	LDI  R22,BYTE3(@0)
                 	LDI  R23,BYTE4(@0)
                 	.ENDM
                 
                 	.MACRO __GETD2N
                 	LDI  R26,LOW(@0)
                 	LDI  R27,HIGH(@0)
                 	LDI  R24,BYTE3(@0)
                 	LDI  R25,BYTE4(@0)
                 	.ENDM
                 
                 	.MACRO __GETB1MN
                 	LDS  R30,@0+(@1)
                 	.ENDM
                 
                 	.MACRO __GETB1HMN
                 	LDS  R31,@0+(@1)
                 	.ENDM
                 
                 	.MACRO __GETW1MN
                 	LDS  R30,@0+(@1)
                 	LDS  R31,@0+(@1)+1
                 	.ENDM
                 
                 	.MACRO __GETD1MN
                 	LDS  R30,@0+(@1)
                 	LDS  R31,@0+(@1)+1
                 	LDS  R22,@0+(@1)+2
                 	LDS  R23,@0+(@1)+3
                 	.ENDM
                 
                 	.MACRO __GETBRMN
                 	LDS  R@0,@1+(@2)
                 	.ENDM
                 
                 	.MACRO __GETWRMN
                 	LDS  R@0,@2+(@3)
                 	LDS  R@1,@2+(@3)+1
                 	.ENDM
                 
                 	.MACRO __GETWRZ
                 	LDD  R@0,Z+@2
                 	LDD  R@1,Z+@2+1
                 	.ENDM
                 
                 	.MACRO __GETD2Z
                 	LDD  R26,Z+@0
                 	LDD  R27,Z+@0+1
                 	LDD  R24,Z+@0+2
                 	LDD  R25,Z+@0+3
                 	.ENDM
                 
                 	.MACRO __GETB2MN
                 	LDS  R26,@0+(@1)
                 	.ENDM
                 
                 	.MACRO __GETW2MN
                 	LDS  R26,@0+(@1)
                 	LDS  R27,@0+(@1)+1
                 	.ENDM
                 
                 	.MACRO __GETD2MN
                 	LDS  R26,@0+(@1)
                 	LDS  R27,@0+(@1)+1
                 	LDS  R24,@0+(@1)+2
                 	LDS  R25,@0+(@1)+3
                 	.ENDM
                 
                 	.MACRO __PUTB1MN
                 	STS  @0+(@1),R30
                 	.ENDM
                 
                 	.MACRO __PUTW1MN
                 	STS  @0+(@1),R30
                 	STS  @0+(@1)+1,R31
                 	.ENDM
                 
                 	.MACRO __PUTD1MN
                 	STS  @0+(@1),R30
                 	STS  @0+(@1)+1,R31
                 	STS  @0+(@1)+2,R22
                 	STS  @0+(@1)+3,R23
                 	.ENDM
                 
                 	.MACRO __PUTB1EN
                 	LDI  R26,LOW(@0+(@1))
                 	LDI  R27,HIGH(@0+(@1))
                 	CALL __EEPROMWRB
                 	.ENDM
                 
                 	.MACRO __PUTW1EN
                 	LDI  R26,LOW(@0+(@1))
                 	LDI  R27,HIGH(@0+(@1))
                 	CALL __EEPROMWRW
                 	.ENDM
                 
                 	.MACRO __PUTD1EN
                 	LDI  R26,LOW(@0+(@1))
                 	LDI  R27,HIGH(@0+(@1))
                 	CALL __EEPROMWRD
                 	.ENDM
                 
                 	.MACRO __PUTBR0MN
                 	STS  @0+(@1),R0
                 	.ENDM
                 
                 	.MACRO __PUTBMRN
                 	STS  @0+(@1),R@2
                 	.ENDM
                 
                 	.MACRO __PUTWMRN
                 	STS  @0+(@1),R@2
                 	STS  @0+(@1)+1,R@3
                 	.ENDM
                 
                 	.MACRO __PUTBZR
                 	STD  Z+@1,R@0
                 	.ENDM
                 
                 	.MACRO __PUTWZR
                 	STD  Z+@2,R@0
                 	STD  Z+@2+1,R@1
                 	.ENDM
                 
                 	.MACRO __GETW1R
                 	MOV  R30,R@0
                 	MOV  R31,R@1
                 	.ENDM
                 
                 	.MACRO __GETW2R
                 	MOV  R26,R@0
                 	MOV  R27,R@1
                 	.ENDM
                 
                 	.MACRO __GETWRN
                 	LDI  R@0,LOW(@2)
                 	LDI  R@1,HIGH(@2)
                 	.ENDM
                 
                 	.MACRO __PUTW1R
                 	MOV  R@0,R30
                 	MOV  R@1,R31
                 	.ENDM
                 
                 	.MACRO __PUTW2R
                 	MOV  R@0,R26
                 	MOV  R@1,R27
                 	.ENDM
                 
                 	.MACRO __ADDWRN
                 	SUBI R@0,LOW(-@2)
                 	SBCI R@1,HIGH(-@2)
                 	.ENDM
                 
                 	.MACRO __ADDWRR
                 	ADD  R@0,R@2
                 	ADC  R@1,R@3
                 	.ENDM
                 
                 	.MACRO __SUBWRN
                 	SUBI R@0,LOW(@2)
                 	SBCI R@1,HIGH(@2)
                 	.ENDM
                 
                 	.MACRO __SUBWRR
                 	SUB  R@0,R@2
                 	SBC  R@1,R@3
                 	.ENDM
                 
                 	.MACRO __ANDWRN
                 	ANDI R@0,LOW(@2)
                 	ANDI R@1,HIGH(@2)
                 	.ENDM
                 
                 	.MACRO __ANDWRR
                 	AND  R@0,R@2
                 	AND  R@1,R@3
                 	.ENDM
                 
                 	.MACRO __ORWRN
                 	ORI  R@0,LOW(@2)
                 	ORI  R@1,HIGH(@2)
                 	.ENDM
                 
                 	.MACRO __ORWRR
                 	OR   R@0,R@2
                 	OR   R@1,R@3
                 	.ENDM
                 
                 	.MACRO __EORWRR
                 	EOR  R@0,R@2
                 	EOR  R@1,R@3
                 	.ENDM
                 
                 	.MACRO __GETWRS
                 	LDD  R@0,Y+@2
                 	LDD  R@1,Y+@2+1
                 	.ENDM
                 
                 	.MACRO __PUTBSR
                 	STD  Y+@1,R@0
                 	.ENDM
                 
                 	.MACRO __PUTWSR
                 	STD  Y+@2,R@0
                 	STD  Y+@2+1,R@1
                 	.ENDM
                 
                 	.MACRO __MOVEWRR
                 	MOV  R@0,R@2
                 	MOV  R@1,R@3
                 	.ENDM
                 
                 	.MACRO __INWR
                 	IN   R@0,@2
                 	IN   R@1,@2+1
                 	.ENDM
                 
                 	.MACRO __OUTWR
                 	OUT  @2+1,R@1
                 	OUT  @2,R@0
                 	.ENDM
                 
                 	.MACRO __CALL1MN
                 	LDS  R30,@0+(@1)
                 	LDS  R31,@0+(@1)+1
                 	ICALL
                 	.ENDM
                 
                 	.MACRO __CALL1FN
                 	LDI  R30,LOW(2*@0+(@1))
                 	LDI  R31,HIGH(2*@0+(@1))
                 	CALL __GETW1PF
                 	ICALL
                 	.ENDM
                 
                 	.MACRO __CALL2EN
                 	PUSH R26
                 	PUSH R27
                 	LDI  R26,LOW(@0+(@1))
                 	LDI  R27,HIGH(@0+(@1))
                 	CALL __EEPROMRDW
                 	POP  R27
                 	POP  R26
                 	ICALL
                 	.ENDM
                 
                 	.MACRO __CALL2EX
                 	SUBI R26,LOW(-@0)
                 	SBCI R27,HIGH(-@0)
                 	CALL __EEPROMRDD
                 	ICALL
                 	.ENDM
                 
                 	.MACRO __GETW1STACK
                 	IN   R30,SPL
                 	IN   R31,SPH
                 	ADIW R30,@0+1
                 	LD   R0,Z+
                 	LD   R31,Z
                 	MOV  R30,R0
                 	.ENDM
                 
                 	.MACRO __GETD1STACK
                 	IN   R30,SPL
                 	IN   R31,SPH
                 	ADIW R30,@0+1
                 	LD   R0,Z+
                 	LD   R1,Z+
                 	LD   R22,Z
                 	MOVW R30,R0
                 	.ENDM
                 
                 	.MACRO __NBST
                 	BST  R@0,@1
                 	IN   R30,SREG
                 	LDI  R31,0x40
                 	EOR  R30,R31
                 	OUT  SREG,R30
                 	.ENDM
                 
                 
                 	.MACRO __PUTB1SN
                 	LDD  R26,Y+@0
                 	LDD  R27,Y+@0+1
                 	SUBI R26,LOW(-@1)
                 	SBCI R27,HIGH(-@1)
                 	ST   X,R30
                 	.ENDM
                 
                 	.MACRO __PUTW1SN
                 	LDD  R26,Y+@0
                 	LDD  R27,Y+@0+1
                 	SUBI R26,LOW(-@1)
                 	SBCI R27,HIGH(-@1)
                 	ST   X+,R30
                 	ST   X,R31
                 	.ENDM
                 
                 	.MACRO __PUTD1SN
                 	LDD  R26,Y+@0
                 	LDD  R27,Y+@0+1
                 	SUBI R26,LOW(-@1)
                 	SBCI R27,HIGH(-@1)
                 	CALL __PUTDP1
                 	.ENDM
                 
                 	.MACRO __PUTB1SNS
                 	LDD  R26,Y+@0
                 	LDD  R27,Y+@0+1
                 	ADIW R26,@1
                 	ST   X,R30
                 	.ENDM
                 
                 	.MACRO __PUTW1SNS
                 	LDD  R26,Y+@0
                 	LDD  R27,Y+@0+1
                 	ADIW R26,@1
                 	ST   X+,R30
                 	ST   X,R31
                 	.ENDM
                 
                 	.MACRO __PUTD1SNS
                 	LDD  R26,Y+@0
                 	LDD  R27,Y+@0+1
                 	ADIW R26,@1
                 	CALL __PUTDP1
                 	.ENDM
                 
                 	.MACRO __PUTB1PMN
                 	LDS  R26,@0
                 	LDS  R27,@0+1
                 	SUBI R26,LOW(-@1)
                 	SBCI R27,HIGH(-@1)
                 	ST   X,R30
                 	.ENDM
                 
                 	.MACRO __PUTW1PMN
                 	LDS  R26,@0
                 	LDS  R27,@0+1
                 	SUBI R26,LOW(-@1)
                 	SBCI R27,HIGH(-@1)
                 	ST   X+,R30
                 	ST   X,R31
                 	.ENDM
                 
                 	.MACRO __PUTD1PMN
                 	LDS  R26,@0
                 	LDS  R27,@0+1
                 	SUBI R26,LOW(-@1)
                 	SBCI R27,HIGH(-@1)
                 	CALL __PUTDP1
                 	.ENDM
                 
                 	.MACRO __PUTB1PMNS
                 	LDS  R26,@0
                 	LDS  R27,@0+1
                 	ADIW R26,@1
                 	ST   X,R30
                 	.ENDM
                 
                 	.MACRO __PUTW1PMNS
                 	LDS  R26,@0
                 	LDS  R27,@0+1
                 	ADIW R26,@1
                 	ST   X+,R30
                 	ST   X,R31
                 	.ENDM
                 
                 	.MACRO __PUTD1PMNS
                 	LDS  R26,@0
                 	LDS  R27,@0+1
                 	ADIW R26,@1
                 	CALL __PUTDP1
                 	.ENDM
                 
                 	.MACRO __PUTB1RN
                 	MOVW R26,R@0
                 	SUBI R26,LOW(-@1)
                 	SBCI R27,HIGH(-@1)
                 	ST   X,R30
                 	.ENDM
                 
                 	.MACRO __PUTW1RN
                 	MOVW R26,R@0
                 	SUBI R26,LOW(-@1)
                 	SBCI R27,HIGH(-@1)
                 	ST   X+,R30
                 	ST   X,R31
                 	.ENDM
                 
                 	.MACRO __PUTD1RN
                 	MOVW R26,R@0
                 	SUBI R26,LOW(-@1)
                 	SBCI R27,HIGH(-@1)
                 	CALL __PUTDP1
                 	.ENDM
                 
                 	.MACRO __PUTB1RNS
                 	MOVW R26,R@0
                 	ADIW R26,@1
                 	ST   X,R30
                 	.ENDM
                 
                 	.MACRO __PUTW1RNS
                 	MOVW R26,R@0
                 	ADIW R26,@1
                 	ST   X+,R30
                 	ST   X,R31
                 	.ENDM
                 
                 	.MACRO __PUTD1RNS
                 	MOVW R26,R@0
                 	ADIW R26,@1
                 	CALL __PUTDP1
                 	.ENDM
                 
                 	.MACRO __PUTB1RON
                 	MOV  R26,R@0
                 	MOV  R27,R@1
                 	SUBI R26,LOW(-@2)
                 	SBCI R27,HIGH(-@2)
                 	ST   X,R30
                 	.ENDM
                 
                 	.MACRO __PUTW1RON
                 	MOV  R26,R@0
                 	MOV  R27,R@1
                 	SUBI R26,LOW(-@2)
                 	SBCI R27,HIGH(-@2)
                 	ST   X+,R30
                 	ST   X,R31
                 	.ENDM
                 
                 	.MACRO __PUTD1RON
                 	MOV  R26,R@0
                 	MOV  R27,R@1
                 	SUBI R26,LOW(-@2)
                 	SBCI R27,HIGH(-@2)
                 	CALL __PUTDP1
                 	.ENDM
                 
                 	.MACRO __PUTB1RONS
                 	MOV  R26,R@0
                 	MOV  R27,R@1
                 	ADIW R26,@2
                 	ST   X,R30
                 	.ENDM
                 
                 	.MACRO __PUTW1RONS
                 	MOV  R26,R@0
                 	MOV  R27,R@1
                 	ADIW R26,@2
                 	ST   X+,R30
                 	ST   X,R31
                 	.ENDM
                 
                 	.MACRO __PUTD1RONS
                 	MOV  R26,R@0
                 	MOV  R27,R@1
                 	ADIW R26,@2
                 	CALL __PUTDP1
                 	.ENDM
                 
                 
                 	.MACRO __GETB1SX
                 	MOVW R30,R28
                 	SUBI R30,LOW(-@0)
                 	SBCI R31,HIGH(-@0)
                 	LD   R30,Z
                 	.ENDM
                 
                 	.MACRO __GETB1HSX
                 	MOVW R30,R28
                 	SUBI R30,LOW(-@0)
                 	SBCI R31,HIGH(-@0)
                 	LD   R31,Z
                 	.ENDM
                 
                 	.MACRO __GETW1SX
                 	MOVW R30,R28
                 	SUBI R30,LOW(-@0)
                 	SBCI R31,HIGH(-@0)
                 	LD   R0,Z+
                 	LD   R31,Z
                 	MOV  R30,R0
                 	.ENDM
                 
                 	.MACRO __GETD1SX
                 	MOVW R30,R28
                 	SUBI R30,LOW(-@0)
                 	SBCI R31,HIGH(-@0)
                 	LD   R0,Z+
                 	LD   R1,Z+
                 	LD   R22,Z+
                 	LD   R23,Z
                 	MOVW R30,R0
                 	.ENDM
                 
                 	.MACRO __GETB2SX
                 	MOVW R26,R28
                 	SUBI R26,LOW(-@0)
                 	SBCI R27,HIGH(-@0)
                 	LD   R26,X
                 	.ENDM
                 
                 	.MACRO __GETW2SX
                 	MOVW R26,R28
                 	SUBI R26,LOW(-@0)
                 	SBCI R27,HIGH(-@0)
                 	LD   R0,X+
                 	LD   R27,X
                 	MOV  R26,R0
                 	.ENDM
                 
                 	.MACRO __GETD2SX
                 	MOVW R26,R28
                 	SUBI R26,LOW(-@0)
                 	SBCI R27,HIGH(-@0)
                 	LD   R0,X+
                 	LD   R1,X+
                 	LD   R24,X+
                 	LD   R25,X
                 	MOVW R26,R0
                 	.ENDM
                 
                 	.MACRO __GETBRSX
                 	MOVW R30,R28
                 	SUBI R30,LOW(-@1)
                 	SBCI R31,HIGH(-@1)
                 	LD   R@0,Z
                 	.ENDM
                 
                 	.MACRO __GETWRSX
                 	MOVW R30,R28
                 	SUBI R30,LOW(-@2)
                 	SBCI R31,HIGH(-@2)
                 	LD   R@0,Z+
                 	LD   R@1,Z
                 	.ENDM
                 
                 	.MACRO __GETBRSX2
                 	MOVW R26,R28
                 	SUBI R26,LOW(-@1)
                 	SBCI R27,HIGH(-@1)
                 	LD   R@0,X
                 	.ENDM
                 
                 	.MACRO __GETWRSX2
                 	MOVW R26,R28
                 	SUBI R26,LOW(-@2)
                 	SBCI R27,HIGH(-@2)
                 	LD   R@0,X+
                 	LD   R@1,X
                 	.ENDM
                 
                 	.MACRO __LSLW8SX
                 	MOVW R30,R28
                 	SUBI R30,LOW(-@0)
                 	SBCI R31,HIGH(-@0)
                 	LD   R31,Z
                 	CLR  R30
                 	.ENDM
                 
                 	.MACRO __PUTB1SX
                 	MOVW R26,R28
                 	SUBI R26,LOW(-@0)
                 	SBCI R27,HIGH(-@0)
                 	ST   X,R30
                 	.ENDM
                 
                 	.MACRO __PUTW1SX
                 	MOVW R26,R28
                 	SUBI R26,LOW(-@0)
                 	SBCI R27,HIGH(-@0)
                 	ST   X+,R30
                 	ST   X,R31
                 	.ENDM
                 
                 	.MACRO __PUTD1SX
                 	MOVW R26,R28
                 	SUBI R26,LOW(-@0)
                 	SBCI R27,HIGH(-@0)
                 	ST   X+,R30
                 	ST   X+,R31
                 	ST   X+,R22
                 	ST   X,R23
                 	.ENDM
                 
                 	.MACRO __CLRW1SX
                 	MOVW R26,R28
                 	SUBI R26,LOW(-@0)
                 	SBCI R27,HIGH(-@0)
                 	ST   X+,R30
                 	ST   X,R30
                 	.ENDM
                 
                 	.MACRO __CLRD1SX
                 	MOVW R26,R28
                 	SUBI R26,LOW(-@0)
                 	SBCI R27,HIGH(-@0)
                 	ST   X+,R30
                 	ST   X+,R30
                 	ST   X+,R30
                 	ST   X,R30
                 	.ENDM
                 
                 	.MACRO __PUTB2SX
                 	MOVW R30,R28
                 	SUBI R30,LOW(-@0)
                 	SBCI R31,HIGH(-@0)
                 	ST   Z,R26
                 	.ENDM
                 
                 	.MACRO __PUTW2SX
                 	MOVW R30,R28
                 	SUBI R30,LOW(-@0)
                 	SBCI R31,HIGH(-@0)
                 	ST   Z+,R26
                 	ST   Z,R27
                 	.ENDM
                 
                 	.MACRO __PUTD2SX
                 	MOVW R30,R28
                 	SUBI R30,LOW(-@0)
                 	SBCI R31,HIGH(-@0)
                 	ST   Z+,R26
                 	ST   Z+,R27
                 	ST   Z+,R24
                 	ST   Z,R25
                 	.ENDM
                 
                 	.MACRO __PUTBSRX
                 	MOVW R30,R28
                 	SUBI R30,LOW(-@1)
                 	SBCI R31,HIGH(-@1)
                 	ST   Z,R@0
                 	.ENDM
                 
                 	.MACRO __PUTWSRX
                 	MOVW R30,R28
                 	SUBI R30,LOW(-@2)
                 	SBCI R31,HIGH(-@2)
                 	ST   Z+,R@0
                 	ST   Z,R@1
                 	.ENDM
                 
                 	.MACRO __PUTB1SNX
                 	MOVW R26,R28
                 	SUBI R26,LOW(-@0)
                 	SBCI R27,HIGH(-@0)
                 	LD   R0,X+
                 	LD   R27,X
                 	MOV  R26,R0
                 	SUBI R26,LOW(-@1)
                 	SBCI R27,HIGH(-@1)
                 	ST   X,R30
                 	.ENDM
                 
                 	.MACRO __PUTW1SNX
                 	MOVW R26,R28
                 	SUBI R26,LOW(-@0)
                 	SBCI R27,HIGH(-@0)
                 	LD   R0,X+
                 	LD   R27,X
                 	MOV  R26,R0
                 	SUBI R26,LOW(-@1)
                 	SBCI R27,HIGH(-@1)
                 	ST   X+,R30
                 	ST   X,R31
                 	.ENDM
                 
                 	.MACRO __PUTD1SNX
                 	MOVW R26,R28
                 	SUBI R26,LOW(-@0)
                 	SBCI R27,HIGH(-@0)
                 	LD   R0,X+
                 	LD   R27,X
                 	MOV  R26,R0
                 	SUBI R26,LOW(-@1)
                 	SBCI R27,HIGH(-@1)
                 	ST   X+,R30
                 	ST   X+,R31
                 	ST   X+,R22
                 	ST   X,R23
                 	.ENDM
                 
                 	.MACRO __MULBRR
                 	MULS R@0,R@1
                 	MOVW R30,R0
                 	.ENDM
                 
                 	.MACRO __MULBRRU
                 	MUL  R@0,R@1
                 	MOVW R30,R0
                 	.ENDM
                 
                 	.MACRO __MULBRR0
                 	MULS R@0,R@1
                 	.ENDM
                 
                 	.MACRO __MULBRRU0
                 	MUL  R@0,R@1
                 	.ENDM
                 
                 	.MACRO __MULBNWRU
                 	LDI  R26,@2
                 	MUL  R26,R@0
                 	MOVW R30,R0
                 	MUL  R26,R@1
                 	ADD  R31,R0
                 	.ENDM
                 
                 ;NAME DEFINITIONS FOR GLOBAL VARIABLES ALLOCATED TO REGISTERS
                 	.DEF _t=R4
                 	.DEF _t_msb=R5
                 	.DEF _flag=R6
                 	.DEF _flag_msb=R7
                 	.DEF __lcd_x=R9
                 	.DEF __lcd_y=R8
                 	.DEF __lcd_maxx=R11
                 
                 	.CSEG
                 	.ORG 0x00
                 
                 ;START OF CODE MARKER
                 __START_OF_CODE:
                 
                 ;INTERRUPT VECTORS
000000 940c 0041 	JMP  __RESET
000002 940c 006e 	JMP  _ext_int0_isr
000004 940c 0000 	JMP  0x00
000006 940c 0000 	JMP  0x00
000008 940c 0000 	JMP  0x00
00000a 940c 0000 	JMP  0x00
00000c 940c 0000 	JMP  0x00
00000e 940c 0000 	JMP  0x00
000010 940c 0000 	JMP  0x00
000012 940c 0000 	JMP  0x00
000014 940c 0000 	JMP  0x00
000016 940c 0076 	JMP  _timer0_ovf_isr
000018 940c 0000 	JMP  0x00
00001a 940c 0000 	JMP  0x00
00001c 940c 0000 	JMP  0x00
00001e 940c 0000 	JMP  0x00
000020 940c 0000 	JMP  0x00
000022 940c 0000 	JMP  0x00
000024 940c 0000 	JMP  0x00
000026 940c 0000 	JMP  0x00
000028 940c 0000 	JMP  0x00
                 
                 _tbl10_G101:
00002a 2710
00002b 03e8
00002c 0064
00002d 000a      	.DB  0x10,0x27,0xE8,0x3,0x64,0x0,0xA,0x0
00002e 0001      	.DB  0x1,0x0
                 _tbl16_G101:
00002f 1000
000030 0100
000031 0010
000032 0001      	.DB  0x0,0x10,0x0,0x1,0x10,0x0,0x1,0x0
                 
                 ;GLOBAL REGISTER VARIABLES INITIALIZATION
                 __REG_VARS:
000033 0000
000034 0000      	.DB  0x0,0x0,0x0,0x0
                 
                 _0x0:
000035 6425
000036 000a
000037 6425
D:\Micro_AVR\Micro_AVR_code\Project\Debug\List\Slave1_pj.asm(1136): warning: .cseg .db misalignment - padding zero byte
000038 0000      	.DB  0x25,0x64,0xA,0x0,0x25,0x64,0x0
                 _0x2000003:
000039 c080      	.DB  0x80,0xC0
                 
                 __GLOBAL_INI_TBL:
00003a 0004      	.DW  0x04
00003b 0004      	.DW  0x04
00003c 0066      	.DW  __REG_VARS*2
                 
00003d 0002      	.DW  0x02
00003e 0265      	.DW  __base_y_G100
00003f 0072      	.DW  _0x2000003*2
                 
                 _0xFFFFFFFF:
000040 0000      	.DW  0
                 
                 #define __GLOBAL_INI_TBL_PRESENT 1
                 
                 __RESET:
000041 94f8      	CLI
000042 27ee      	CLR  R30
000043 bbec      	OUT  EECR,R30
                 
                 ;INTERRUPT VECTORS ARE PLACED
                 ;AT THE START OF FLASH
000044 e0f1      	LDI  R31,1
000045 bffb      	OUT  GICR,R31
000046 bfeb      	OUT  GICR,R30
000047 bfe5      	OUT  MCUCR,R30
                 
                 ;CLEAR R2-R14
000048 e08d      	LDI  R24,(14-2)+1
000049 e0a2      	LDI  R26,2
00004a 27bb      	CLR  R27
                 __CLEAR_REG:
00004b 93ed      	ST   X+,R30
00004c 958a      	DEC  R24
00004d f7e9      	BRNE __CLEAR_REG
                 
                 ;CLEAR SRAM
00004e e080      	LDI  R24,LOW(__CLEAR_SRAM_SIZE)
00004f e098      	LDI  R25,HIGH(__CLEAR_SRAM_SIZE)
000050 e6a0      	LDI  R26,__SRAM_START
                 __CLEAR_SRAM:
000051 93ed      	ST   X+,R30
000052 9701      	SBIW R24,1
000053 f7e9      	BRNE __CLEAR_SRAM
                 
                 ;GLOBAL VARIABLES INITIALIZATION
000054 e7e4      	LDI  R30,LOW(__GLOBAL_INI_TBL*2)
000055 e0f0      	LDI  R31,HIGH(__GLOBAL_INI_TBL*2)
                 __GLOBAL_INI_NEXT:
000056 9185      	LPM  R24,Z+
000057 9195      	LPM  R25,Z+
000058 9700      	SBIW R24,0
000059 f061      	BREQ __GLOBAL_INI_END
00005a 91a5      	LPM  R26,Z+
00005b 91b5      	LPM  R27,Z+
00005c 9005      	LPM  R0,Z+
00005d 9015      	LPM  R1,Z+
00005e 01bf      	MOVW R22,R30
00005f 01f0      	MOVW R30,R0
                 __GLOBAL_INI_LOOP:
000060 9005      	LPM  R0,Z+
000061 920d      	ST   X+,R0
000062 9701      	SBIW R24,1
000063 f7e1      	BRNE __GLOBAL_INI_LOOP
000064 01fb      	MOVW R30,R22
000065 cff0      	RJMP __GLOBAL_INI_NEXT
                 __GLOBAL_INI_END:
                 
                 ;HARDWARE STACK POINTER INITIALIZATION
000066 e5ef      	LDI  R30,LOW(__SRAM_END-__HEAP_SIZE)
000067 bfed      	OUT  SPL,R30
000068 e0e8      	LDI  R30,HIGH(__SRAM_END-__HEAP_SIZE)
000069 bfee      	OUT  SPH,R30
                 
                 ;DATA STACK POINTER INITIALIZATION
00006a e6c0      	LDI  R28,LOW(__SRAM_START+__DSTACK_SIZE)
00006b e0d2      	LDI  R29,HIGH(__SRAM_START+__DSTACK_SIZE)
                 
00006c 940c 00b0 	JMP  _main
                 
                 	.ESEG
                 	.ORG 0
                 
                 	.DSEG
                 	.ORG 0x260
                 
                 	.CSEG
                 ;/*******************************************************
                 ;This program was created by the
                 ;CodeWizardAVR V3.12 Advanced
                 ;Automatic Program Generator
                 ;© Copyright 1998-2014 Pavel Haiduc, HP InfoTech s.r.l.
                 ;http://www.hpinfotech.com
                 ;
                 ;Project :
                 ;Version :
                 ;Date    : 1/26/2020
                 ;Author  :
                 ;Company :
                 ;Comments:
                 ;
                 ;
                 ;Chip type               : ATmega32
                 ;Program type            : Application
                 ;AVR Core Clock frequency: 8.000000 MHz
                 ;Memory model            : Small
                 ;External RAM size       : 0
                 ;Data Stack size         : 512
                 ;*******************************************************/
                 ;
                 ;#include <mega32.h>
                 	#ifndef __SLEEP_DEFINED__
                 	#define __SLEEP_DEFINED__
                 	.EQU __se_bit=0x80
                 	.EQU __sm_mask=0x70
                 	.EQU __sm_powerdown=0x20
                 	.EQU __sm_powersave=0x30
                 	.EQU __sm_standby=0x60
                 	.EQU __sm_ext_standby=0x70
                 	.EQU __sm_adc_noise_red=0x10
                 	.SET power_ctrl_reg=mcucr
                 	#endif
                 ;
                 ;#include <delay.h>
                 ;
                 ;// Alphanumeric LCD functions
                 ;#include <alcd.h>
                 ;
                 ;// Declare your global variables here
                 ;void init(void);
                 ;unsigned int read_adc(unsigned char adc_input);
                 ;int t =0;
                 ;int flag = 0;
                 ;char str[5]="";
                 ;
                 ;// External Interrupt 0 service routine
                 ;interrupt [EXT_INT0] void ext_int0_isr(void)
                 ; 0000 0028 {
                 
                 	.CSEG
                 _ext_int0_isr:
                 ; .FSTART _ext_int0_isr
00006e 93ea      	ST   -Y,R30
00006f 93fa      	ST   -Y,R31
                 ; 0000 0029 flag = 1;
000070 e0e1      	LDI  R30,LOW(1)
000071 e0f0      	LDI  R31,HIGH(1)
000072 013f      	MOVW R6,R30
                 ; 0000 002A }
000073 91f9      	LD   R31,Y+
000074 91e9      	LD   R30,Y+
000075 9518      	RETI
                 ; .FEND
                 ;
                 ;// Standard Input/Output functions
                 ;#include <stdio.h>
                 ;
                 ;// Timer 0 overflow interrupt service routine
                 ;interrupt [TIM0_OVF] void timer0_ovf_isr(void)
                 ; 0000 0031 {
                 _timer0_ovf_isr:
                 ; .FSTART _timer0_ovf_isr
000076 920a      	ST   -Y,R0
000077 921a      	ST   -Y,R1
000078 92fa      	ST   -Y,R15
000079 936a      	ST   -Y,R22
00007a 937a      	ST   -Y,R23
00007b 938a      	ST   -Y,R24
00007c 939a      	ST   -Y,R25
00007d 93aa      	ST   -Y,R26
00007e 93ba      	ST   -Y,R27
00007f 93ea      	ST   -Y,R30
000080 93fa      	ST   -Y,R31
000081 b7ef      	IN   R30,SREG
000082 93ea      	ST   -Y,R30
                 ; 0000 0032 t = read_adc(0);
000083 e0a0      	LDI  R26,LOW(0)
000084 d01e      	RCALL _read_adc
000085 012f      	MOVW R4,R30
                 ; 0000 0033 t = t /2.054;
000086 940e 04ca 	CALL __CWD1
000088 940e 0447 	CALL __CDF1
00008a 01df      	MOVW R26,R30
00008b 01cb      	MOVW R24,R22
                +
00008c ebec     +LDI R30 , LOW ( 0x400374BC )
00008d e7f4     +LDI R31 , HIGH ( 0x400374BC )
00008e e063     +LDI R22 , BYTE3 ( 0x400374BC )
00008f e470     +LDI R23 , BYTE4 ( 0x400374BC )
                 	__GETD1N 0x400374BC
000090 940e 0475 	CALL __DIVF21
000092 940e 0410 	CALL __CFD1
000094 012f      	MOVW R4,R30
                 ; 0000 0034 }
000095 91e9      	LD   R30,Y+
000096 bfef      	OUT  SREG,R30
000097 91f9      	LD   R31,Y+
000098 91e9      	LD   R30,Y+
000099 91b9      	LD   R27,Y+
00009a 91a9      	LD   R26,Y+
00009b 9199      	LD   R25,Y+
00009c 9189      	LD   R24,Y+
00009d 9179      	LD   R23,Y+
00009e 9169      	LD   R22,Y+
00009f 90f9      	LD   R15,Y+
0000a0 9019      	LD   R1,Y+
0000a1 9009      	LD   R0,Y+
0000a2 9518      	RETI
                 ; .FEND
                 ;
                 ;// Voltage Reference: AREF pin
                 ;#define ADC_VREF_TYPE ((0<<REFS1) | (0<<REFS0) | (0<<ADLAR))
                 ;
                 ;// Read the AD conversion result
                 ;unsigned int read_adc(unsigned char adc_input)
                 ; 0000 003B {
                 _read_adc:
                 ; .FSTART _read_adc
                 ; 0000 003C ADMUX=adc_input | ADC_VREF_TYPE;
0000a3 93aa      	ST   -Y,R26
                 ;	adc_input -> Y+0
0000a4 81e8      	LD   R30,Y
0000a5 b9e7      	OUT  0x7,R30
                 ; 0000 003D // Delay needed for the stabilization of the ADC input voltage
                 ; 0000 003E delay_us(10);
                +
0000a6 e18b     +LDI R24 , LOW ( 27 )
                +__DELAY_USB_LOOP :
0000a7 958a     +DEC R24
0000a8 f7f1     +BRNE __DELAY_USB_LOOP
                 	__DELAY_USB 27
                 ; 0000 003F // Wait for the AD conversion to complete
                 ; 0000 0040 while ((ADCSRA & (1<<ADIF))==0);
                 _0x3:
0000a9 9b34      	SBIS 0x6,4
0000aa cffe      	RJMP _0x3
                 ; 0000 0041 ADCSRA|=(1<<ADIF);
0000ab 9a34      	SBI  0x6,4
                 ; 0000 0042 return ADCW;
0000ac b1e4      	IN   R30,0x4
0000ad b1f5      	IN   R31,0x4+1
0000ae 940c 01a5 	JMP  _0x2080003
                 ; 0000 0043 }
                 ; .FEND
                 ;
                 ;void main(void)
                 ; 0000 0046 {
                 _main:
                 ; .FSTART _main
                 ; 0000 0047 // Declare your local variables here
                 ; 0000 0048 
                 ; 0000 0049 //initialize
                 ; 0000 004A init();
0000b0 d024      	RCALL _init
                 ; 0000 004B 
                 ; 0000 004C while (1)
                 _0x6:
                 ; 0000 004D     {
                 ; 0000 004E     if(flag)
0000b1 2c06      	MOV  R0,R6
0000b2 2807      	OR   R0,R7
0000b3 f0f9      	BREQ _0x9
                 ; 0000 004F         {
                 ; 0000 0050         delay_ms(200);
0000b4 eca8      	LDI  R26,LOW(200)
0000b5 e0b0      	LDI  R27,0
0000b6 940e 03d7 	CALL _delay_ms
                 ; 0000 0051         printf("%d\n",t);
                +
0000b8 e6ea     +LDI R30 , LOW ( 2 * _0x0 + ( 0 ) )
0000b9 e0f0     +LDI R31 , HIGH ( 2 * _0x0 + ( 0 ) )
                 	__POINTW1FN _0x0,0
0000ba 940e 0385 	CALL SUBOPT_0x0
0000bc 940e 034d 	CALL _printf
0000be 9626      	ADIW R28,6
                 ; 0000 0052         sprintf(str,"%d",t);
0000bf e6e0      	LDI  R30,LOW(_str)
0000c0 e0f2      	LDI  R31,HIGH(_str)
0000c1 93fa      	ST   -Y,R31
0000c2 93ea      	ST   -Y,R30
                +
0000c3 e6ee     +LDI R30 , LOW ( 2 * _0x0 + ( 4 ) )
0000c4 e0f0     +LDI R31 , HIGH ( 2 * _0x0 + ( 4 ) )
                 	__POINTW1FN _0x0,4
0000c5 940e 0385 	CALL SUBOPT_0x0
0000c7 940e 031f 	CALL _sprintf
0000c9 9628      	ADIW R28,8
                 ; 0000 0053         lcd_gotoxy(0, 0);
0000ca e0e0      	LDI  R30,LOW(0)
0000cb 93ea      	ST   -Y,R30
0000cc e0a0      	LDI  R26,LOW(0)
0000cd d067      	RCALL _lcd_gotoxy
                 ; 0000 0054         lcd_puts(str);
0000ce e6a0      	LDI  R26,LOW(_str)
0000cf e0b2      	LDI  R27,HIGH(_str)
0000d0 d092      	RCALL _lcd_puts
                 ; 0000 0055         flag = 0;
0000d1 2466      	CLR  R6
0000d2 2477      	CLR  R7
                 ; 0000 0056         }
                 ; 0000 0057     }
                 _0x9:
0000d3 cfdd      	RJMP _0x6
                 ; 0000 0058 }
                 _0xA:
0000d4 cfff      	RJMP _0xA
                 ; .FEND
                 ;
                 ;void init(void)
                 ; 0000 005B {
                 _init:
                 ; .FSTART _init
                 ; 0000 005C 
                 ; 0000 005D // Input/Output Ports initialization
                 ; 0000 005E // Port A initialization
                 ; 0000 005F // Function: Bit7=In Bit6=In Bit5=In Bit4=In Bit3=In Bit2=In Bit1=In Bit0=In
                 ; 0000 0060 DDRA=(0<<DDA7) | (0<<DDA6) | (0<<DDA5) | (0<<DDA4) | (0<<DDA3) | (0<<DDA2) | (0<<DDA1) | (0<<DDA0);
0000d5 e0e0      	LDI  R30,LOW(0)
0000d6 bbea      	OUT  0x1A,R30
                 ; 0000 0061 // State: Bit7=T Bit6=T Bit5=T Bit4=T Bit3=T Bit2=T Bit1=T Bit0=T
                 ; 0000 0062 PORTA=(0<<PORTA7) | (0<<PORTA6) | (0<<PORTA5) | (0<<PORTA4) | (0<<PORTA3) | (0<<PORTA2) | (0<<PORTA1) | (0<<PORTA0);
0000d7 bbeb      	OUT  0x1B,R30
                 ; 0000 0063 
                 ; 0000 0064 // Port B initialization
                 ; 0000 0065 // Function: Bit7=In Bit6=In Bit5=In Bit4=In Bit3=In Bit2=In Bit1=In Bit0=In
                 ; 0000 0066 DDRB=(0<<DDB7) | (0<<DDB6) | (0<<DDB5) | (0<<DDB4) | (0<<DDB3) | (0<<DDB2) | (0<<DDB1) | (0<<DDB0);
0000d8 bbe7      	OUT  0x17,R30
                 ; 0000 0067 // State: Bit7=T Bit6=T Bit5=T Bit4=T Bit3=T Bit2=T Bit1=T Bit0=T
                 ; 0000 0068 PORTB=(0<<PORTB7) | (0<<PORTB6) | (0<<PORTB5) | (0<<PORTB4) | (0<<PORTB3) | (0<<PORTB2) | (0<<PORTB1) | (0<<PORTB0);
0000d9 bbe8      	OUT  0x18,R30
                 ; 0000 0069 
                 ; 0000 006A // Port C initialization
                 ; 0000 006B // Function: Bit7=In Bit6=In Bit5=In Bit4=In Bit3=In Bit2=In Bit1=In Bit0=In
                 ; 0000 006C DDRC=(0<<DDC7) | (0<<DDC6) | (0<<DDC5) | (0<<DDC4) | (0<<DDC3) | (0<<DDC2) | (0<<DDC1) | (0<<DDC0);
0000da bbe4      	OUT  0x14,R30
                 ; 0000 006D // State: Bit7=T Bit6=T Bit5=T Bit4=T Bit3=T Bit2=T Bit1=T Bit0=T
                 ; 0000 006E PORTC=(0<<PORTC7) | (0<<PORTC6) | (0<<PORTC5) | (0<<PORTC4) | (0<<PORTC3) | (0<<PORTC2) | (0<<PORTC1) | (0<<PORTC0);
0000db bbe5      	OUT  0x15,R30
                 ; 0000 006F 
                 ; 0000 0070 // Port D initialization
                 ; 0000 0071 // Function: Bit7=In Bit6=In Bit5=In Bit4=In Bit3=In Bit2=In Bit1=In Bit0=In
                 ; 0000 0072 DDRD=(0<<DDD7) | (0<<DDD6) | (0<<DDD5) | (0<<DDD4) | (0<<DDD3) | (0<<DDD2) | (0<<DDD1) | (0<<DDD0);
0000dc bbe1      	OUT  0x11,R30
                 ; 0000 0073 // State: Bit7=T Bit6=T Bit5=T Bit4=T Bit3=T Bit2=T Bit1=T Bit0=T
                 ; 0000 0074 PORTD=(0<<PORTD7) | (0<<PORTD6) | (0<<PORTD5) | (0<<PORTD4) | (0<<PORTD3) | (0<<PORTD2) | (0<<PORTD1) | (0<<PORTD0);
0000dd bbe2      	OUT  0x12,R30
                 ; 0000 0075 
                 ; 0000 0076 // Timer/Counter 0 initialization
                 ; 0000 0077 // Clock source: T0 pin Falling Edge
                 ; 0000 0078 // Mode: Normal top=0xFF
                 ; 0000 0079 // OC0 output: Disconnected
                 ; 0000 007A TCCR0=(0<<WGM00) | (0<<COM01) | (0<<COM00) | (0<<WGM01) | (1<<CS02) | (1<<CS01) | (0<<CS00);
0000de e0e6      	LDI  R30,LOW(6)
0000df bfe3      	OUT  0x33,R30
                 ; 0000 007B TCNT0=0x00;
0000e0 e0e0      	LDI  R30,LOW(0)
0000e1 bfe2      	OUT  0x32,R30
                 ; 0000 007C OCR0=0x00;
0000e2 bfec      	OUT  0x3C,R30
                 ; 0000 007D 
                 ; 0000 007E // Timer/Counter 1 initialization
                 ; 0000 007F // Clock source: System Clock
                 ; 0000 0080 // Clock value: Timer1 Stopped
                 ; 0000 0081 // Mode: Normal top=0xFFFF
                 ; 0000 0082 // OC1A output: Disconnected
                 ; 0000 0083 // OC1B output: Disconnected
                 ; 0000 0084 // Noise Canceler: Off
                 ; 0000 0085 // Input Capture on Falling Edge
                 ; 0000 0086 // Timer1 Overflow Interrupt: Off
                 ; 0000 0087 // Input Capture Interrupt: Off
                 ; 0000 0088 // Compare A Match Interrupt: Off
                 ; 0000 0089 // Compare B Match Interrupt: Off
                 ; 0000 008A TCCR1A=(0<<COM1A1) | (0<<COM1A0) | (0<<COM1B1) | (0<<COM1B0) | (0<<WGM11) | (0<<WGM10);
0000e3 bdef      	OUT  0x2F,R30
                 ; 0000 008B TCCR1B=(0<<ICNC1) | (0<<ICES1) | (0<<WGM13) | (0<<WGM12) | (0<<CS12) | (0<<CS11) | (0<<CS10);
0000e4 bdee      	OUT  0x2E,R30
                 ; 0000 008C TCNT1H=0x00;
0000e5 bded      	OUT  0x2D,R30
                 ; 0000 008D TCNT1L=0x00;
0000e6 bdec      	OUT  0x2C,R30
                 ; 0000 008E ICR1H=0x00;
0000e7 bde7      	OUT  0x27,R30
                 ; 0000 008F ICR1L=0x00;
0000e8 bde6      	OUT  0x26,R30
                 ; 0000 0090 OCR1AH=0x00;
0000e9 bdeb      	OUT  0x2B,R30
                 ; 0000 0091 OCR1AL=0x00;
0000ea bdea      	OUT  0x2A,R30
                 ; 0000 0092 OCR1BH=0x00;
0000eb bde9      	OUT  0x29,R30
                 ; 0000 0093 OCR1BL=0x00;
0000ec bde8      	OUT  0x28,R30
                 ; 0000 0094 
                 ; 0000 0095 // Timer/Counter 2 initialization
                 ; 0000 0096 // Clock source: System Clock
                 ; 0000 0097 // Clock value: Timer2 Stopped
                 ; 0000 0098 // Mode: Normal top=0xFF
                 ; 0000 0099 // OC2 output: Disconnected
                 ; 0000 009A ASSR=0<<AS2;
0000ed bde2      	OUT  0x22,R30
                 ; 0000 009B TCCR2=(0<<PWM2) | (0<<COM21) | (0<<COM20) | (0<<CTC2) | (0<<CS22) | (0<<CS21) | (0<<CS20);
0000ee bde5      	OUT  0x25,R30
                 ; 0000 009C TCNT2=0x00;
0000ef bde4      	OUT  0x24,R30
                 ; 0000 009D OCR2=0x00;
0000f0 bde3      	OUT  0x23,R30
                 ; 0000 009E 
                 ; 0000 009F // Timer(s)/Counter(s) Interrupt(s) initialization
                 ; 0000 00A0 TIMSK=(0<<OCIE2) | (0<<TOIE2) | (0<<TICIE1) | (0<<OCIE1A) | (0<<OCIE1B) | (0<<TOIE1) | (0<<OCIE0) | (1<<TOIE0);
0000f1 e0e1      	LDI  R30,LOW(1)
0000f2 bfe9      	OUT  0x39,R30
                 ; 0000 00A1 
                 ; 0000 00A2 // External Interrupt(s) initialization
                 ; 0000 00A3 // INT0: On
                 ; 0000 00A4 // INT0 Mode: Low level
                 ; 0000 00A5 // INT1: Off
                 ; 0000 00A6 // INT2: Off
                 ; 0000 00A7 GICR|=(0<<INT1) | (1<<INT0) | (0<<INT2);
0000f3 b7eb      	IN   R30,0x3B
0000f4 64e0      	ORI  R30,0x40
0000f5 bfeb      	OUT  0x3B,R30
                 ; 0000 00A8 MCUCR=(0<<ISC11) | (0<<ISC10) | (0<<ISC01) | (0<<ISC00);
0000f6 e0e0      	LDI  R30,LOW(0)
0000f7 bfe5      	OUT  0x35,R30
                 ; 0000 00A9 MCUCSR=(0<<ISC2);
0000f8 bfe4      	OUT  0x34,R30
                 ; 0000 00AA GIFR=(0<<INTF1) | (1<<INTF0) | (0<<INTF2);
0000f9 e4e0      	LDI  R30,LOW(64)
0000fa bfea      	OUT  0x3A,R30
                 ; 0000 00AB 
                 ; 0000 00AC // USART initialization
                 ; 0000 00AD // Communication Parameters: 8 Data, 1 Stop, No Parity
                 ; 0000 00AE // USART Receiver: Off
                 ; 0000 00AF // USART Transmitter: On
                 ; 0000 00B0 // USART Mode: Asynchronous
                 ; 0000 00B1 // USART Baud Rate: 9600
                 ; 0000 00B2 UCSRA=(0<<RXC) | (0<<TXC) | (0<<UDRE) | (0<<FE) | (0<<DOR) | (0<<UPE) | (0<<U2X) | (0<<MPCM);
0000fb e0e0      	LDI  R30,LOW(0)
0000fc b9eb      	OUT  0xB,R30
                 ; 0000 00B3 UCSRB=(0<<RXCIE) | (0<<TXCIE) | (0<<UDRIE) | (0<<RXEN) | (1<<TXEN) | (0<<UCSZ2) | (0<<RXB8) | (0<<TXB8);
0000fd e0e8      	LDI  R30,LOW(8)
0000fe b9ea      	OUT  0xA,R30
                 ; 0000 00B4 UCSRC=(1<<URSEL) | (0<<UMSEL) | (0<<UPM1) | (0<<UPM0) | (0<<USBS) | (1<<UCSZ1) | (1<<UCSZ0) | (0<<UCPOL);
0000ff e8e6      	LDI  R30,LOW(134)
000100 bde0      	OUT  0x20,R30
                 ; 0000 00B5 UBRRH=0x00;
000101 e0e0      	LDI  R30,LOW(0)
000102 bde0      	OUT  0x20,R30
                 ; 0000 00B6 UBRRL=0x33;
000103 e3e3      	LDI  R30,LOW(51)
000104 b9e9      	OUT  0x9,R30
                 ; 0000 00B7 
                 ; 0000 00B8 // Analog Comparator initialization
                 ; 0000 00B9 // Analog Comparator: Off
                 ; 0000 00BA // The Analog Comparator's positive input is
                 ; 0000 00BB // connected to the AIN0 pin
                 ; 0000 00BC // The Analog Comparator's negative input is
                 ; 0000 00BD // connected to the AIN1 pin
                 ; 0000 00BE ACSR=(1<<ACD) | (0<<ACBG) | (0<<ACO) | (0<<ACI) | (0<<ACIE) | (0<<ACIC) | (0<<ACIS1) | (0<<ACIS0);
000105 e8e0      	LDI  R30,LOW(128)
000106 b9e8      	OUT  0x8,R30
                 ; 0000 00BF 
                 ; 0000 00C0 // ADC initialization
                 ; 0000 00C1 // ADC Clock frequency: 1000.000 kHz
                 ; 0000 00C2 // ADC Voltage Reference: AREF pin
                 ; 0000 00C3 // ADC Auto Trigger Source: Timer0 Overflow
                 ; 0000 00C4 ADMUX=ADC_VREF_TYPE;
000107 e0e0      	LDI  R30,LOW(0)
000108 b9e7      	OUT  0x7,R30
                 ; 0000 00C5 ADCSRA=(1<<ADEN) | (0<<ADSC) | (1<<ADATE) | (0<<ADIF) | (0<<ADIE) | (0<<ADPS2) | (1<<ADPS1) | (1<<ADPS0);
000109 eae3      	LDI  R30,LOW(163)
00010a b9e6      	OUT  0x6,R30
                 ; 0000 00C6 SFIOR=(1<<ADTS2) | (0<<ADTS1) | (0<<ADTS0);
00010b e8e0      	LDI  R30,LOW(128)
00010c bfe0      	OUT  0x30,R30
                 ; 0000 00C7 
                 ; 0000 00C8 // SPI initialization
                 ; 0000 00C9 // SPI disabled
                 ; 0000 00CA SPCR=(0<<SPIE) | (0<<SPE) | (0<<DORD) | (0<<MSTR) | (0<<CPOL) | (0<<CPHA) | (0<<SPR1) | (0<<SPR0);
00010d e0e0      	LDI  R30,LOW(0)
00010e b9ed      	OUT  0xD,R30
                 ; 0000 00CB 
                 ; 0000 00CC // TWI initialization
                 ; 0000 00CD // TWI disabled
                 ; 0000 00CE TWCR=(0<<TWEA) | (0<<TWSTA) | (0<<TWSTO) | (0<<TWEN) | (0<<TWIE);
00010f bfe6      	OUT  0x36,R30
                 ; 0000 00CF 
                 ; 0000 00D0 // Alphanumeric LCD initialization
                 ; 0000 00D1 // Connections are specified in the
                 ; 0000 00D2 // Project|Configure|C Compiler|Libraries|Alphanumeric LCD menu:
                 ; 0000 00D3 // RS - PORTC Bit 0
                 ; 0000 00D4 // RD - PORTC Bit 1
                 ; 0000 00D5 // EN - PORTC Bit 2
                 ; 0000 00D6 // D4 - PORTC Bit 4
                 ; 0000 00D7 // D5 - PORTC Bit 5
                 ; 0000 00D8 // D6 - PORTC Bit 6
                 ; 0000 00D9 // D7 - PORTC Bit 7
                 ; 0000 00DA // Characters/line: 8
                 ; 0000 00DB lcd_init(8);
000110 e0a8      	LDI  R26,LOW(8)
000111 d061      	RCALL _lcd_init
                 ; 0000 00DC 
                 ; 0000 00DD // Global enable interrupts
                 ; 0000 00DE #asm("sei")
000112 9478      	sei
                 ; 0000 00DF }
000113 9508      	RET
                 ; .FEND
                 	#ifndef __SLEEP_DEFINED__
                 	#endif
                 
                 	.DSEG
                 
                 	.CSEG
                 __lcd_write_nibble_G100:
                 ; .FSTART __lcd_write_nibble_G100
000114 93aa      	ST   -Y,R26
000115 b3e5      	IN   R30,0x15
000116 70ef      	ANDI R30,LOW(0xF)
000117 2fae      	MOV  R26,R30
000118 81e8      	LD   R30,Y
000119 7fe0      	ANDI R30,LOW(0xF0)
00011a 2bea      	OR   R30,R26
00011b bbe5      	OUT  0x15,R30
                +
00011c e08d     +LDI R24 , LOW ( 13 )
                +__DELAY_USB_LOOP :
00011d 958a     +DEC R24
00011e f7f1     +BRNE __DELAY_USB_LOOP
                 	__DELAY_USB 13
00011f 9aaa      	SBI  0x15,2
                +
000120 e08d     +LDI R24 , LOW ( 13 )
                +__DELAY_USB_LOOP :
000121 958a     +DEC R24
000122 f7f1     +BRNE __DELAY_USB_LOOP
                 	__DELAY_USB 13
000123 98aa      	CBI  0x15,2
                +
000124 e08d     +LDI R24 , LOW ( 13 )
                +__DELAY_USB_LOOP :
000125 958a     +DEC R24
000126 f7f1     +BRNE __DELAY_USB_LOOP
                 	__DELAY_USB 13
000127 940c 01a5 	JMP  _0x2080003
                 ; .FEND
                 __lcd_write_data:
                 ; .FSTART __lcd_write_data
000129 93aa      	ST   -Y,R26
00012a 81a8      	LD   R26,Y
00012b dfe8      	RCALL __lcd_write_nibble_G100
00012c 81e8          ld    r30,y
00012d 95e2          swap  r30
00012e 83e8          st    y,r30
00012f 81a8      	LD   R26,Y
000130 dfe3      	RCALL __lcd_write_nibble_G100
                +
000131 e885     +LDI R24 , LOW ( 133 )
                +__DELAY_USB_LOOP :
000132 958a     +DEC R24
000133 f7f1     +BRNE __DELAY_USB_LOOP
                 	__DELAY_USB 133
000134 c070      	RJMP _0x2080003
                 ; .FEND
                 _lcd_gotoxy:
                 ; .FSTART _lcd_gotoxy
000135 93aa      	ST   -Y,R26
000136 81e8      	LD   R30,Y
000137 e0f0      	LDI  R31,0
000138 59eb      	SUBI R30,LOW(-__base_y_G100)
000139 4ffd      	SBCI R31,HIGH(-__base_y_G100)
00013a 81e0      	LD   R30,Z
00013b 81a9      	LDD  R26,Y+1
00013c 0fae      	ADD  R26,R30
00013d dfeb      	RCALL __lcd_write_data
00013e 8099      	LDD  R9,Y+1
00013f 8088      	LDD  R8,Y+0
000140 9622      	ADIW R28,2
000141 9508      	RET
                 ; .FEND
                 _lcd_clear:
                 ; .FSTART _lcd_clear
000142 e0a2      	LDI  R26,LOW(2)
000143 940e 038e 	CALL SUBOPT_0x1
000145 e0ac      	LDI  R26,LOW(12)
000146 dfe2      	RCALL __lcd_write_data
000147 e0a1      	LDI  R26,LOW(1)
000148 940e 038e 	CALL SUBOPT_0x1
00014a e0e0      	LDI  R30,LOW(0)
00014b 2e8e      	MOV  R8,R30
00014c 2e9e      	MOV  R9,R30
00014d 9508      	RET
                 ; .FEND
                 _lcd_putchar:
                 ; .FSTART _lcd_putchar
00014e 93aa      	ST   -Y,R26
00014f 81a8      	LD   R26,Y
000150 30aa      	CPI  R26,LOW(0xA)
000151 f011      	BREQ _0x2000005
000152 149b      	CP   R9,R11
000153 f048      	BRLO _0x2000004
                 _0x2000005:
000154 e0e0      	LDI  R30,LOW(0)
000155 93ea      	ST   -Y,R30
000156 9483      	INC  R8
000157 2da8      	MOV  R26,R8
000158 dfdc      	RCALL _lcd_gotoxy
000159 81a8      	LD   R26,Y
00015a 30aa      	CPI  R26,LOW(0xA)
00015b f409      	BRNE _0x2000007
00015c c048      	RJMP _0x2080003
                 _0x2000007:
                 _0x2000004:
00015d 9493      	INC  R9
00015e 9aa8      	SBI  0x15,0
00015f 81a8      	LD   R26,Y
000160 dfc8      	RCALL __lcd_write_data
000161 98a8      	CBI  0x15,0
000162 c042      	RJMP _0x2080003
                 ; .FEND
                 _lcd_puts:
                 ; .FSTART _lcd_puts
000163 93ba      	ST   -Y,R27
000164 93aa      	ST   -Y,R26
000165 931a      	ST   -Y,R17
                 _0x2000008:
000166 81a9      	LDD  R26,Y+1
000167 81ba      	LDD  R27,Y+1+1
000168 91ed      	LD   R30,X+
000169 83a9      	STD  Y+1,R26
00016a 83ba      	STD  Y+1+1,R27
00016b 2f1e      	MOV  R17,R30
00016c 30e0      	CPI  R30,0
00016d f019      	BREQ _0x200000A
00016e 2fa1      	MOV  R26,R17
00016f dfde      	RCALL _lcd_putchar
000170 cff5      	RJMP _0x2000008
                 _0x200000A:
000171 8118      	LDD  R17,Y+0
000172 c03c      	RJMP _0x2080002
                 ; .FEND
                 _lcd_init:
                 ; .FSTART _lcd_init
000173 93aa      	ST   -Y,R26
000174 b3e4      	IN   R30,0x14
000175 6fe0      	ORI  R30,LOW(0xF0)
000176 bbe4      	OUT  0x14,R30
000177 9aa2      	SBI  0x14,2
000178 9aa0      	SBI  0x14,0
000179 9aa1      	SBI  0x14,1
00017a 98aa      	CBI  0x15,2
00017b 98a8      	CBI  0x15,0
00017c 98a9      	CBI  0x15,1
00017d 80b8      	LDD  R11,Y+0
00017e 81e8      	LD   R30,Y
00017f 58e0      	SUBI R30,-LOW(128)
                +
000180 93e0 0267+STS __base_y_G100 + ( 2 ) , R30
                 	__PUTB1MN __base_y_G100,2
000182 81e8      	LD   R30,Y
000183 54e0      	SUBI R30,-LOW(192)
                +
000184 93e0 0268+STS __base_y_G100 + ( 3 ) , R30
                 	__PUTB1MN __base_y_G100,3
000186 e1a4      	LDI  R26,LOW(20)
000187 e0b0      	LDI  R27,0
000188 940e 03d7 	CALL _delay_ms
00018a 940e 0394 	CALL SUBOPT_0x2
00018c 940e 0394 	CALL SUBOPT_0x2
00018e 940e 0394 	CALL SUBOPT_0x2
000190 e2a0      	LDI  R26,LOW(32)
000191 df82      	RCALL __lcd_write_nibble_G100
                +
000192 ec88     +LDI R24 , LOW ( 200 )
000193 e090     +LDI R25 , HIGH ( 200 )
                +__DELAY_USW_LOOP :
000194 9701     +SBIW R24 , 1
000195 f7f1     +BRNE __DELAY_USW_LOOP
                 	__DELAY_USW 200
000196 e2a8      	LDI  R26,LOW(40)
000197 df91      	RCALL __lcd_write_data
000198 e0a4      	LDI  R26,LOW(4)
000199 df8f      	RCALL __lcd_write_data
00019a e8a5      	LDI  R26,LOW(133)
00019b df8d      	RCALL __lcd_write_data
00019c e0a6      	LDI  R26,LOW(6)
00019d df8b      	RCALL __lcd_write_data
00019e dfa3      	RCALL _lcd_clear
00019f c005      	RJMP _0x2080003
                 ; .FEND
                 	#ifndef __SLEEP_DEFINED__
                 	#endif
                 
                 	.CSEG
                 _putchar:
                 ; .FSTART _putchar
0001a0 93aa      	ST   -Y,R26
                 putchar0:
0001a1 9b5d           sbis usr,udre
0001a2 cffe           rjmp putchar0
0001a3 81e8           ld   r30,y
0001a4 b9ec           out  udr,r30
                 _0x2080003:
0001a5 9621      	ADIW R28,1
0001a6 9508      	RET
                 ; .FEND
                 _put_usart_G101:
                 ; .FSTART _put_usart_G101
0001a7 93ba      	ST   -Y,R27
0001a8 93aa      	ST   -Y,R26
0001a9 81aa      	LDD  R26,Y+2
0001aa dff5      	RCALL _putchar
0001ab 81a8      	LD   R26,Y
0001ac 81b9      	LDD  R27,Y+1
0001ad 940e 039c 	CALL SUBOPT_0x3
                 _0x2080002:
0001af 9623      	ADIW R28,3
0001b0 9508      	RET
                 ; .FEND
                 _put_buff_G101:
                 ; .FSTART _put_buff_G101
0001b1 93ba      	ST   -Y,R27
0001b2 93aa      	ST   -Y,R26
0001b3 931a      	ST   -Y,R17
0001b4 930a      	ST   -Y,R16
0001b5 81aa      	LDD  R26,Y+2
0001b6 81bb      	LDD  R27,Y+2+1
0001b7 9612      	ADIW R26,2
0001b8 940e 04cf 	CALL __GETW1P
0001ba 9730      	SBIW R30,0
0001bb f129      	BREQ _0x2020010
0001bc 81aa      	LDD  R26,Y+2
0001bd 81bb      	LDD  R27,Y+2+1
0001be 9614      	ADIW R26,4
0001bf 940e 04cf 	CALL __GETW1P
0001c1 018f      	MOVW R16,R30
0001c2 9730      	SBIW R30,0
0001c3 f061      	BREQ _0x2020012
                +
0001c4 3002     +CPI R16 , LOW ( 2 )
0001c5 e0e0     +LDI R30 , HIGH ( 2 )
0001c6 071e     +CPC R17 , R30
                 	__CPWRN 16,17,2
0001c7 f080      	BRLO _0x2020013
0001c8 01f8      	MOVW R30,R16
0001c9 9731      	SBIW R30,1
0001ca 018f      	MOVW R16,R30
                +
0001cb 81aa     +LDD R26 , Y + 2
0001cc 81bb     +LDD R27 , Y + 2 + 1
0001cd 9614     +ADIW R26 , 4
0001ce 93ed     +ST X + , R30
0001cf 93fc     +ST X , R31
                 	__PUTW1SNS 2,4
                 _0x2020012:
0001d0 81aa      	LDD  R26,Y+2
0001d1 81bb      	LDD  R27,Y+2+1
0001d2 9612      	ADIW R26,2
0001d3 940e 039c 	CALL SUBOPT_0x3
0001d5 9731      	SBIW R30,1
0001d6 81ac      	LDD  R26,Y+4
0001d7 83a0      	STD  Z+0,R26
                 _0x2020013:
0001d8 81aa      	LDD  R26,Y+2
0001d9 81bb      	LDD  R27,Y+2+1
0001da 940e 04cf 	CALL __GETW1P
0001dc 23ff      	TST  R31
0001dd f012      	BRMI _0x2020014
0001de 940e 039c 	CALL SUBOPT_0x3
                 _0x2020014:
0001e0 c006      	RJMP _0x2020015
                 _0x2020010:
0001e1 81aa      	LDD  R26,Y+2
0001e2 81bb      	LDD  R27,Y+2+1
0001e3 efef      	LDI  R30,LOW(65535)
0001e4 efff      	LDI  R31,HIGH(65535)
0001e5 93ed      	ST   X+,R30
0001e6 93fc      	ST   X,R31
                 _0x2020015:
0001e7 8119      	LDD  R17,Y+1
0001e8 8108      	LDD  R16,Y+0
0001e9 9625      	ADIW R28,5
0001ea 9508      	RET
                 ; .FEND
                 __print_G101:
                 ; .FSTART __print_G101
0001eb 93ba      	ST   -Y,R27
0001ec 93aa      	ST   -Y,R26
0001ed 9726      	SBIW R28,6
0001ee 940e 04dc 	CALL __SAVELOCR6
0001f0 e010      	LDI  R17,0
0001f1 85ac      	LDD  R26,Y+12
0001f2 85bd      	LDD  R27,Y+12+1
0001f3 e0e0      	LDI  R30,LOW(0)
0001f4 e0f0      	LDI  R31,HIGH(0)
0001f5 93ed      	ST   X+,R30
0001f6 93fc      	ST   X,R31
                 _0x2020016:
0001f7 89ea      	LDD  R30,Y+18
0001f8 89fb      	LDD  R31,Y+18+1
0001f9 9631      	ADIW R30,1
0001fa 8bea      	STD  Y+18,R30
0001fb 8bfb      	STD  Y+18+1,R31
0001fc 9731      	SBIW R30,1
0001fd 91e4      	LPM  R30,Z
0001fe 2f2e      	MOV  R18,R30
0001ff 30e0      	CPI  R30,0
000200 f409      	BRNE PC+2
000201 c115      	RJMP _0x2020018
000202 2fe1      	MOV  R30,R17
000203 30e0      	CPI  R30,0
000204 f439      	BRNE _0x202001C
000205 3225      	CPI  R18,37
000206 f411      	BRNE _0x202001D
000207 e011      	LDI  R17,LOW(1)
000208 c002      	RJMP _0x202001E
                 _0x202001D:
000209 940e 03a2 	CALL SUBOPT_0x4
                 _0x202001E:
00020b c10a      	RJMP _0x202001B
                 _0x202001C:
00020c 30e1      	CPI  R30,LOW(0x1)
00020d f4a9      	BRNE _0x202001F
00020e 3225      	CPI  R18,37
00020f f419      	BRNE _0x2020020
000210 940e 03a2 	CALL SUBOPT_0x4
000212 c102      	RJMP _0x20200CC
                 _0x2020020:
000213 e012      	LDI  R17,LOW(2)
000214 e040      	LDI  R20,LOW(0)
000215 e000      	LDI  R16,LOW(0)
000216 322d      	CPI  R18,45
000217 f411      	BRNE _0x2020021
000218 e001      	LDI  R16,LOW(1)
000219 c0fc      	RJMP _0x202001B
                 _0x2020021:
00021a 322b      	CPI  R18,43
00021b f411      	BRNE _0x2020022
00021c e24b      	LDI  R20,LOW(43)
00021d c0f8      	RJMP _0x202001B
                 _0x2020022:
00021e 3220      	CPI  R18,32
00021f f411      	BRNE _0x2020023
000220 e240      	LDI  R20,LOW(32)
000221 c0f4      	RJMP _0x202001B
                 _0x2020023:
000222 c002      	RJMP _0x2020024
                 _0x202001F:
000223 30e2      	CPI  R30,LOW(0x2)
000224 f439      	BRNE _0x2020025
                 _0x2020024:
000225 e050      	LDI  R21,LOW(0)
000226 e013      	LDI  R17,LOW(3)
000227 3320      	CPI  R18,48
000228 f411      	BRNE _0x2020026
000229 6800      	ORI  R16,LOW(128)
00022a c0eb      	RJMP _0x202001B
                 _0x2020026:
00022b c003      	RJMP _0x2020027
                 _0x2020025:
00022c 30e3      	CPI  R30,LOW(0x3)
00022d f009      	BREQ PC+2
00022e c0e7      	RJMP _0x202001B
                 _0x2020027:
00022f 3320      	CPI  R18,48
000230 f010      	BRLO _0x202002A
000231 332a      	CPI  R18,58
000232 f008      	BRLO _0x202002B
                 _0x202002A:
000233 c007      	RJMP _0x2020029
                 _0x202002B:
000234 e0aa      	LDI  R26,LOW(10)
000235 9f5a      	MUL  R21,R26
000236 2d50      	MOV  R21,R0
000237 2fe2      	MOV  R30,R18
000238 53e0      	SUBI R30,LOW(48)
000239 0f5e      	ADD  R21,R30
00023a c0db      	RJMP _0x202001B
                 _0x2020029:
00023b 2fe2      	MOV  R30,R18
00023c 36e3      	CPI  R30,LOW(0x63)
00023d f449      	BRNE _0x202002F
00023e 940e 03a9 	CALL SUBOPT_0x5
000240 89e8      	LDD  R30,Y+16
000241 89f9      	LDD  R31,Y+16+1
000242 81a4      	LDD  R26,Z+4
000243 93aa      	ST   -Y,R26
000244 940e 03af 	CALL SUBOPT_0x6
000246 c0ce      	RJMP _0x2020030
                 _0x202002F:
000247 37e3      	CPI  R30,LOW(0x73)
000248 f441      	BRNE _0x2020032
000249 940e 03a9 	CALL SUBOPT_0x5
00024b 940e 03b5 	CALL SUBOPT_0x7
00024d 940e 036c 	CALL _strlen
00024f 2f1e      	MOV  R17,R30
000250 c00a      	RJMP _0x2020033
                 _0x2020032:
000251 37e0      	CPI  R30,LOW(0x70)
000252 f461      	BRNE _0x2020035
000253 940e 03a9 	CALL SUBOPT_0x5
000255 940e 03b5 	CALL SUBOPT_0x7
000257 940e 0378 	CALL _strlenf
000259 2f1e      	MOV  R17,R30
00025a 6008      	ORI  R16,LOW(8)
                 _0x2020033:
00025b 6002      	ORI  R16,LOW(2)
00025c 770f      	ANDI R16,LOW(127)
00025d e030      	LDI  R19,LOW(0)
00025e c034      	RJMP _0x2020036
                 _0x2020035:
00025f 36e4      	CPI  R30,LOW(0x64)
000260 f011      	BREQ _0x2020039
000261 36e9      	CPI  R30,LOW(0x69)
000262 f411      	BRNE _0x202003A
                 _0x2020039:
000263 6004      	ORI  R16,LOW(4)
000264 c002      	RJMP _0x202003B
                 _0x202003A:
000265 37e5      	CPI  R30,LOW(0x75)
000266 f431      	BRNE _0x202003C
                 _0x202003B:
000267 e5e4      	LDI  R30,LOW(_tbl10_G101*2)
000268 e0f0      	LDI  R31,HIGH(_tbl10_G101*2)
000269 83ee      	STD  Y+6,R30
00026a 83ff      	STD  Y+6+1,R31
00026b e015      	LDI  R17,LOW(5)
00026c c00c      	RJMP _0x202003D
                 _0x202003C:
00026d 35e8      	CPI  R30,LOW(0x58)
00026e f411      	BRNE _0x202003F
00026f 6008      	ORI  R16,LOW(8)
000270 c003      	RJMP _0x2020040
                 _0x202003F:
000271 37e8      	CPI  R30,LOW(0x78)
000272 f009      	BREQ PC+2
000273 c0a1      	RJMP _0x2020071
                 _0x2020040:
000274 e5ee      	LDI  R30,LOW(_tbl16_G101*2)
000275 e0f0      	LDI  R31,HIGH(_tbl16_G101*2)
000276 83ee      	STD  Y+6,R30
000277 83ff      	STD  Y+6+1,R31
000278 e014      	LDI  R17,LOW(4)
                 _0x202003D:
000279 ff02      	SBRS R16,2
00027a c014      	RJMP _0x2020042
00027b 940e 03a9 	CALL SUBOPT_0x5
00027d 940e 03bf 	CALL SUBOPT_0x8
00027f 85ab      	LDD  R26,Y+11
000280 23aa      	TST  R26
000281 f43a      	BRPL _0x2020043
000282 85ea      	LDD  R30,Y+10
000283 85fb      	LDD  R31,Y+10+1
000284 940e 04be 	CALL __ANEGW1
000286 87ea      	STD  Y+10,R30
000287 87fb      	STD  Y+10+1,R31
000288 e24d      	LDI  R20,LOW(45)
                 _0x2020043:
000289 3040      	CPI  R20,0
00028a f011      	BREQ _0x2020044
00028b 5f1f      	SUBI R17,-LOW(1)
00028c c001      	RJMP _0x2020045
                 _0x2020044:
00028d 7f0b      	ANDI R16,LOW(251)
                 _0x2020045:
00028e c004      	RJMP _0x2020046
                 _0x2020042:
00028f 940e 03a9 	CALL SUBOPT_0x5
000291 940e 03bf 	CALL SUBOPT_0x8
                 _0x2020046:
                 _0x2020036:
000293 fd00      	SBRC R16,0
000294 c011      	RJMP _0x2020047
                 _0x2020048:
000295 1715      	CP   R17,R21
000296 f478      	BRSH _0x202004A
000297 ff07      	SBRS R16,7
000298 c008      	RJMP _0x202004B
000299 ff02      	SBRS R16,2
00029a c004      	RJMP _0x202004C
00029b 7f0b      	ANDI R16,LOW(251)
00029c 2f24      	MOV  R18,R20
00029d 5011      	SUBI R17,LOW(1)
00029e c001      	RJMP _0x202004D
                 _0x202004C:
00029f e320      	LDI  R18,LOW(48)
                 _0x202004D:
0002a0 c001      	RJMP _0x202004E
                 _0x202004B:
0002a1 e220      	LDI  R18,LOW(32)
                 _0x202004E:
0002a2 940e 03a2 	CALL SUBOPT_0x4
0002a4 5051      	SUBI R21,LOW(1)
0002a5 cfef      	RJMP _0x2020048
                 _0x202004A:
                 _0x2020047:
0002a6 2f31      	MOV  R19,R17
0002a7 ff01      	SBRS R16,1
0002a8 c017      	RJMP _0x202004F
                 _0x2020050:
0002a9 3030      	CPI  R19,0
0002aa f0a1      	BREQ _0x2020052
0002ab ff03      	SBRS R16,3
0002ac c006      	RJMP _0x2020053
0002ad 81ee      	LDD  R30,Y+6
0002ae 81ff      	LDD  R31,Y+6+1
0002af 9125      	LPM  R18,Z+
0002b0 83ee      	STD  Y+6,R30
0002b1 83ff      	STD  Y+6+1,R31
0002b2 c005      	RJMP _0x2020054
                 _0x2020053:
0002b3 81ae      	LDD  R26,Y+6
0002b4 81bf      	LDD  R27,Y+6+1
0002b5 912d      	LD   R18,X+
0002b6 83ae      	STD  Y+6,R26
0002b7 83bf      	STD  Y+6+1,R27
                 _0x2020054:
0002b8 940e 03a2 	CALL SUBOPT_0x4
0002ba 3050      	CPI  R21,0
0002bb f009      	BREQ _0x2020055
0002bc 5051      	SUBI R21,LOW(1)
                 _0x2020055:
0002bd 5031      	SUBI R19,LOW(1)
0002be cfea      	RJMP _0x2020050
                 _0x2020052:
0002bf c04b      	RJMP _0x2020056
                 _0x202004F:
                 _0x2020058:
0002c0 e320      	LDI  R18,LOW(48)
0002c1 81ee      	LDD  R30,Y+6
0002c2 81ff      	LDD  R31,Y+6+1
0002c3 940e 04d3 	CALL __GETW1PF
0002c5 87e8      	STD  Y+8,R30
0002c6 87f9      	STD  Y+8+1,R31
0002c7 81ee      	LDD  R30,Y+6
0002c8 81ff      	LDD  R31,Y+6+1
0002c9 9632      	ADIW R30,2
0002ca 83ee      	STD  Y+6,R30
0002cb 83ff      	STD  Y+6+1,R31
                 _0x202005A:
0002cc 85e8      	LDD  R30,Y+8
0002cd 85f9      	LDD  R31,Y+8+1
0002ce 85aa      	LDD  R26,Y+10
0002cf 85bb      	LDD  R27,Y+10+1
0002d0 17ae      	CP   R26,R30
0002d1 07bf      	CPC  R27,R31
0002d2 f050      	BRLO _0x202005C
0002d3 5f2f      	SUBI R18,-LOW(1)
0002d4 85a8      	LDD  R26,Y+8
0002d5 85b9      	LDD  R27,Y+8+1
0002d6 85ea      	LDD  R30,Y+10
0002d7 85fb      	LDD  R31,Y+10+1
0002d8 1bea      	SUB  R30,R26
0002d9 0bfb      	SBC  R31,R27
0002da 87ea      	STD  Y+10,R30
0002db 87fb      	STD  Y+10+1,R31
0002dc cfef      	RJMP _0x202005A
                 _0x202005C:
0002dd 332a      	CPI  R18,58
0002de f028      	BRLO _0x202005D
0002df ff03      	SBRS R16,3
0002e0 c002      	RJMP _0x202005E
0002e1 5f29      	SUBI R18,-LOW(7)
0002e2 c001      	RJMP _0x202005F
                 _0x202005E:
0002e3 5d29      	SUBI R18,-LOW(39)
                 _0x202005F:
                 _0x202005D:
0002e4 fd04      	SBRC R16,4
0002e5 c01a      	RJMP _0x2020061
0002e6 3321      	CPI  R18,49
0002e7 f420      	BRSH _0x2020063
0002e8 85a8      	LDD  R26,Y+8
0002e9 85b9      	LDD  R27,Y+8+1
0002ea 9711      	SBIW R26,1
0002eb f409      	BRNE _0x2020062
                 _0x2020063:
0002ec c009      	RJMP _0x20200CD
                 _0x2020062:
0002ed 1753      	CP   R21,R19
0002ee f010      	BRLO _0x2020067
0002ef ff00      	SBRS R16,0
0002f0 c001      	RJMP _0x2020068
                 _0x2020067:
0002f1 c013      	RJMP _0x2020066
                 _0x2020068:
0002f2 e220      	LDI  R18,LOW(32)
0002f3 ff07      	SBRS R16,7
0002f4 c00b      	RJMP _0x2020069
0002f5 e320      	LDI  R18,LOW(48)
                 _0x20200CD:
0002f6 6100      	ORI  R16,LOW(16)
0002f7 ff02      	SBRS R16,2
0002f8 c007      	RJMP _0x202006A
0002f9 7f0b      	ANDI R16,LOW(251)
0002fa 934a      	ST   -Y,R20
0002fb 940e 03af 	CALL SUBOPT_0x6
0002fd 3050      	CPI  R21,0
0002fe f009      	BREQ _0x202006B
0002ff 5051      	SUBI R21,LOW(1)
                 _0x202006B:
                 _0x202006A:
                 _0x2020069:
                 _0x2020061:
000300 940e 03a2 	CALL SUBOPT_0x4
000302 3050      	CPI  R21,0
000303 f009      	BREQ _0x202006C
000304 5051      	SUBI R21,LOW(1)
                 _0x202006C:
                 _0x2020066:
000305 5031      	SUBI R19,LOW(1)
000306 85a8      	LDD  R26,Y+8
000307 85b9      	LDD  R27,Y+8+1
000308 9712      	SBIW R26,2
000309 f008      	BRLO _0x2020059
00030a cfb5      	RJMP _0x2020058
                 _0x2020059:
                 _0x2020056:
00030b ff00      	SBRS R16,0
00030c c008      	RJMP _0x202006D
                 _0x202006E:
00030d 3050      	CPI  R21,0
00030e f031      	BREQ _0x2020070
00030f 5051      	SUBI R21,LOW(1)
000310 e2e0      	LDI  R30,LOW(32)
000311 93ea      	ST   -Y,R30
000312 940e 03af 	CALL SUBOPT_0x6
000314 cff8      	RJMP _0x202006E
                 _0x2020070:
                 _0x202006D:
                 _0x2020071:
                 _0x2020030:
                 _0x20200CC:
000315 e010      	LDI  R17,LOW(0)
                 _0x202001B:
000316 cee0      	RJMP _0x2020016
                 _0x2020018:
000317 85ac      	LDD  R26,Y+12
000318 85bd      	LDD  R27,Y+12+1
000319 940e 04cf 	CALL __GETW1P
00031b 940e 04e3 	CALL __LOADLOCR6
00031d 9664      	ADIW R28,20
00031e 9508      	RET
                 ; .FEND
                 _sprintf:
                 ; .FSTART _sprintf
00031f 92ff      	PUSH R15
000320 2ef8      	MOV  R15,R24
000321 9726      	SBIW R28,6
000322 940e 04de 	CALL __SAVELOCR4
000324 940e 03c7 	CALL SUBOPT_0x9
000326 9730      	SBIW R30,0
000327 f419      	BRNE _0x2020072
000328 efef      	LDI  R30,LOW(65535)
000329 efff      	LDI  R31,HIGH(65535)
00032a c01d      	RJMP _0x2080001
                 _0x2020072:
00032b 01de      	MOVW R26,R28
00032c 9616      	ADIW R26,6
00032d 940e 04ba 	CALL __ADDW2R15
00032f 018d      	MOVW R16,R26
000330 940e 03c7 	CALL SUBOPT_0x9
000332 83ee      	STD  Y+6,R30
000333 83ff      	STD  Y+6+1,R31
000334 e0e0      	LDI  R30,LOW(0)
000335 87e8      	STD  Y+8,R30
000336 87e9      	STD  Y+8+1,R30
000337 01de      	MOVW R26,R28
000338 961a      	ADIW R26,10
000339 940e 03ce 	CALL SUBOPT_0xA
00033b ebe1      	LDI  R30,LOW(_put_buff_G101)
00033c e0f1      	LDI  R31,HIGH(_put_buff_G101)
00033d 93fa      	ST   -Y,R31
00033e 93ea      	ST   -Y,R30
00033f 01de      	MOVW R26,R28
000340 961a      	ADIW R26,10
000341 dea9      	RCALL __print_G101
000342 019f      	MOVW R18,R30
000343 81ae      	LDD  R26,Y+6
000344 81bf      	LDD  R27,Y+6+1
000345 e0e0      	LDI  R30,LOW(0)
000346 93ec      	ST   X,R30
000347 01f9      	MOVW R30,R18
                 _0x2080001:
000348 940e 04e5 	CALL __LOADLOCR4
00034a 962a      	ADIW R28,10
00034b 90ff      	POP  R15
00034c 9508      	RET
                 ; .FEND
                 _printf:
                 ; .FSTART _printf
00034d 92ff      	PUSH R15
00034e 2ef8      	MOV  R15,R24
00034f 9726      	SBIW R28,6
000350 931a      	ST   -Y,R17
000351 930a      	ST   -Y,R16
000352 01de      	MOVW R26,R28
000353 9614      	ADIW R26,4
000354 940e 04ba 	CALL __ADDW2R15
000356 018d      	MOVW R16,R26
000357 e0e0      	LDI  R30,LOW(0)
000358 83ec      	STD  Y+4,R30
000359 83ed      	STD  Y+4+1,R30
00035a 83ee      	STD  Y+6,R30
00035b 83ef      	STD  Y+6+1,R30
00035c 01de      	MOVW R26,R28
00035d 9618      	ADIW R26,8
00035e 940e 03ce 	CALL SUBOPT_0xA
000360 eae7      	LDI  R30,LOW(_put_usart_G101)
000361 e0f1      	LDI  R31,HIGH(_put_usart_G101)
000362 93fa      	ST   -Y,R31
000363 93ea      	ST   -Y,R30
000364 01de      	MOVW R26,R28
000365 9618      	ADIW R26,8
000366 de84      	RCALL __print_G101
000367 8119      	LDD  R17,Y+1
000368 8108      	LDD  R16,Y+0
000369 9628      	ADIW R28,8
00036a 90ff      	POP  R15
00036b 9508      	RET
                 ; .FEND
                 
                 	.CSEG
                 
                 	.CSEG
                 _strlen:
                 ; .FSTART _strlen
00036c 93ba      	ST   -Y,R27
00036d 93aa      	ST   -Y,R26
00036e 91a9          ld   r26,y+
00036f 91b9          ld   r27,y+
000370 27ee          clr  r30
000371 27ff          clr  r31
                 strlen0:
000372 916d          ld   r22,x+
000373 2366          tst  r22
000374 f011          breq strlen1
000375 9631          adiw r30,1
000376 cffb          rjmp strlen0
                 strlen1:
000377 9508          ret
                 ; .FEND
                 _strlenf:
                 ; .FSTART _strlenf
000378 93ba      	ST   -Y,R27
000379 93aa      	ST   -Y,R26
00037a 27aa          clr  r26
00037b 27bb          clr  r27
00037c 91e9          ld   r30,y+
00037d 91f9          ld   r31,y+
                 strlenf0:
00037e 9005      	lpm  r0,z+
00037f 2000          tst  r0
000380 f011          breq strlenf1
000381 9611          adiw r26,1
000382 cffb          rjmp strlenf0
                 strlenf1:
000383 01fd          movw r30,r26
000384 9508          ret
                 ; .FEND
                 
                 	.DSEG
                 _str:
000260           	.BYTE 0x5
                 __base_y_G100:
000265           	.BYTE 0x4
                 
                 	.CSEG
                 ;OPTIMIZER ADDED SUBROUTINE, CALLED 2 TIMES, CODE SIZE REDUCTION:3 WORDS
                 SUBOPT_0x0:
000385 93fa      	ST   -Y,R31
000386 93ea      	ST   -Y,R30
000387 01f2      	MOVW R30,R4
000388 940e 04ca 	CALL __CWD1
00038a 940e 04d7 	CALL __PUTPARD1
00038c e084      	LDI  R24,4
00038d 9508      	RET
                 
                 ;OPTIMIZER ADDED SUBROUTINE, CALLED 2 TIMES, CODE SIZE REDUCTION:1 WORDS
                 SUBOPT_0x1:
00038e 940e 0129 	CALL __lcd_write_data
000390 e0a3      	LDI  R26,LOW(3)
000391 e0b0      	LDI  R27,0
000392 940c 03d7 	JMP  _delay_ms
                 
                 ;OPTIMIZER ADDED SUBROUTINE, CALLED 3 TIMES, CODE SIZE REDUCTION:7 WORDS
                 SUBOPT_0x2:
000394 e3a0      	LDI  R26,LOW(48)
000395 940e 0114 	CALL __lcd_write_nibble_G100
                +
000397 ec88     +LDI R24 , LOW ( 200 )
000398 e090     +LDI R25 , HIGH ( 200 )
                +__DELAY_USW_LOOP :
000399 9701     +SBIW R24 , 1
00039a f7f1     +BRNE __DELAY_USW_LOOP
                 	__DELAY_USW 200
00039b 9508      	RET
                 
                 ;OPTIMIZER ADDED SUBROUTINE, CALLED 3 TIMES, CODE SIZE REDUCTION:3 WORDS
                 SUBOPT_0x3:
00039c 91ed      	LD   R30,X+
00039d 91fd      	LD   R31,X+
00039e 9631      	ADIW R30,1
00039f 93fe      	ST   -X,R31
0003a0 93ee      	ST   -X,R30
0003a1 9508      	RET
                 
                 ;OPTIMIZER ADDED SUBROUTINE, CALLED 5 TIMES, CODE SIZE REDUCTION:13 WORDS
                 SUBOPT_0x4:
0003a2 932a      	ST   -Y,R18
0003a3 85ad      	LDD  R26,Y+13
0003a4 85be      	LDD  R27,Y+13+1
0003a5 85ef      	LDD  R30,Y+15
0003a6 89f8      	LDD  R31,Y+15+1
0003a7 9509      	ICALL
0003a8 9508      	RET
                 
                 ;OPTIMIZER ADDED SUBROUTINE, CALLED 5 TIMES, CODE SIZE REDUCTION:9 WORDS
                 SUBOPT_0x5:
0003a9 89e8      	LDD  R30,Y+16
0003aa 89f9      	LDD  R31,Y+16+1
0003ab 9734      	SBIW R30,4
0003ac 8be8      	STD  Y+16,R30
0003ad 8bf9      	STD  Y+16+1,R31
0003ae 9508      	RET
                 
                 ;OPTIMIZER ADDED SUBROUTINE, CALLED 3 TIMES, CODE SIZE REDUCTION:3 WORDS
                 SUBOPT_0x6:
0003af 85ad      	LDD  R26,Y+13
0003b0 85be      	LDD  R27,Y+13+1
0003b1 85ef      	LDD  R30,Y+15
0003b2 89f8      	LDD  R31,Y+15+1
0003b3 9509      	ICALL
0003b4 9508      	RET
                 
                 ;OPTIMIZER ADDED SUBROUTINE, CALLED 2 TIMES, CODE SIZE REDUCTION:4 WORDS
                 SUBOPT_0x7:
0003b5 89a8      	LDD  R26,Y+16
0003b6 89b9      	LDD  R27,Y+16+1
0003b7 9614      	ADIW R26,4
0003b8 940e 04cf 	CALL __GETW1P
0003ba 83ee      	STD  Y+6,R30
0003bb 83ff      	STD  Y+6+1,R31
0003bc 81ae      	LDD  R26,Y+6
0003bd 81bf      	LDD  R27,Y+6+1
0003be 9508      	RET
                 
                 ;OPTIMIZER ADDED SUBROUTINE, CALLED 2 TIMES, CODE SIZE REDUCTION:2 WORDS
                 SUBOPT_0x8:
0003bf 89a8      	LDD  R26,Y+16
0003c0 89b9      	LDD  R27,Y+16+1
0003c1 9614      	ADIW R26,4
0003c2 940e 04cf 	CALL __GETW1P
0003c4 87ea      	STD  Y+10,R30
0003c5 87fb      	STD  Y+10+1,R31
0003c6 9508      	RET
                 
                 ;OPTIMIZER ADDED SUBROUTINE, CALLED 2 TIMES, CODE SIZE REDUCTION:1 WORDS
                 SUBOPT_0x9:
0003c7 01de      	MOVW R26,R28
0003c8 961c      	ADIW R26,12
0003c9 940e 04ba 	CALL __ADDW2R15
0003cb 940e 04cf 	CALL __GETW1P
0003cd 9508      	RET
                 
                 ;OPTIMIZER ADDED SUBROUTINE, CALLED 2 TIMES, CODE SIZE REDUCTION:3 WORDS
                 SUBOPT_0xA:
0003ce 940e 04ba 	CALL __ADDW2R15
0003d0 940e 04cf 	CALL __GETW1P
0003d2 93fa      	ST   -Y,R31
0003d3 93ea      	ST   -Y,R30
0003d4 931a      	ST   -Y,R17
0003d5 930a      	ST   -Y,R16
0003d6 9508      	RET
                 
                 
                 	.CSEG
                 _delay_ms:
0003d7 9610      	adiw r26,0
0003d8 f039      	breq __delay_ms1
                 __delay_ms0:
                +
0003d9 ed80     +LDI R24 , LOW ( 0x7D0 )
0003da e097     +LDI R25 , HIGH ( 0x7D0 )
                +__DELAY_USW_LOOP :
0003db 9701     +SBIW R24 , 1
0003dc f7f1     +BRNE __DELAY_USW_LOOP
                 	__DELAY_USW 0x7D0
0003dd 95a8      	wdr
0003de 9711      	sbiw r26,1
0003df f7c9      	brne __delay_ms0
                 __delay_ms1:
0003e0 9508      	ret
                 
                 __ROUND_REPACK:
0003e1 2355      	TST  R21
0003e2 f442      	BRPL __REPACK
0003e3 3850      	CPI  R21,0x80
0003e4 f411      	BRNE __ROUND_REPACK0
0003e5 ffe0      	SBRS R30,0
0003e6 c004      	RJMP __REPACK
                 __ROUND_REPACK0:
0003e7 9631      	ADIW R30,1
0003e8 1f69      	ADC  R22,R25
0003e9 1f79      	ADC  R23,R25
0003ea f06b      	BRVS __REPACK1
                 
                 __REPACK:
0003eb e850      	LDI  R21,0x80
0003ec 2757      	EOR  R21,R23
0003ed f411      	BRNE __REPACK0
0003ee 935f      	PUSH R21
0003ef c073      	RJMP __ZERORES
                 __REPACK0:
0003f0 3f5f      	CPI  R21,0xFF
0003f1 f031      	BREQ __REPACK1
0003f2 0f66      	LSL  R22
0003f3 0c00      	LSL  R0
0003f4 9557      	ROR  R21
0003f5 9567      	ROR  R22
0003f6 2f75      	MOV  R23,R21
0003f7 9508      	RET
                 __REPACK1:
0003f8 935f      	PUSH R21
0003f9 2000      	TST  R0
0003fa f00a      	BRMI __REPACK2
0003fb c073      	RJMP __MAXRES
                 __REPACK2:
0003fc c06c      	RJMP __MINRES
                 
                 __UNPACK:
0003fd e850      	LDI  R21,0x80
0003fe 2e19      	MOV  R1,R25
0003ff 2215      	AND  R1,R21
000400 0f88      	LSL  R24
000401 1f99      	ROL  R25
000402 2795      	EOR  R25,R21
000403 0f55      	LSL  R21
000404 9587      	ROR  R24
                 
                 __UNPACK1:
000405 e850      	LDI  R21,0x80
000406 2e07      	MOV  R0,R23
000407 2205      	AND  R0,R21
000408 0f66      	LSL  R22
000409 1f77      	ROL  R23
00040a 2775      	EOR  R23,R21
00040b 0f55      	LSL  R21
00040c 9567      	ROR  R22
00040d 9508      	RET
                 
                 __CFD1U:
00040e 9468      	SET
00040f c001      	RJMP __CFD1U0
                 __CFD1:
000410 94e8      	CLT
                 __CFD1U0:
000411 935f      	PUSH R21
000412 dff2      	RCALL __UNPACK1
000413 3870      	CPI  R23,0x80
000414 f018      	BRLO __CFD10
000415 3f7f      	CPI  R23,0xFF
000416 f408      	BRCC __CFD10
000417 c04b      	RJMP __ZERORES
                 __CFD10:
000418 e156      	LDI  R21,22
000419 1b57      	SUB  R21,R23
00041a f4aa      	BRPL __CFD11
00041b 9551      	NEG  R21
00041c 3058      	CPI  R21,8
00041d f40e      	BRTC __CFD19
00041e 3059      	CPI  R21,9
                 __CFD19:
00041f f030      	BRLO __CFD17
000420 efef      	SER  R30
000421 efff      	SER  R31
000422 ef6f      	SER  R22
000423 e77f      	LDI  R23,0x7F
000424 f977      	BLD  R23,7
000425 c01a      	RJMP __CFD15
                 __CFD17:
000426 2777      	CLR  R23
000427 2355      	TST  R21
000428 f0b9      	BREQ __CFD15
                 __CFD18:
000429 0fee      	LSL  R30
00042a 1fff      	ROL  R31
00042b 1f66      	ROL  R22
00042c 1f77      	ROL  R23
00042d 955a      	DEC  R21
00042e f7d1      	BRNE __CFD18
00042f c010      	RJMP __CFD15
                 __CFD11:
000430 2777      	CLR  R23
                 __CFD12:
000431 3058      	CPI  R21,8
000432 f028      	BRLO __CFD13
000433 2fef      	MOV  R30,R31
000434 2ff6      	MOV  R31,R22
000435 2f67      	MOV  R22,R23
000436 5058      	SUBI R21,8
000437 cff9      	RJMP __CFD12
                 __CFD13:
000438 2355      	TST  R21
000439 f031      	BREQ __CFD15
                 __CFD14:
00043a 9576      	LSR  R23
00043b 9567      	ROR  R22
00043c 95f7      	ROR  R31
00043d 95e7      	ROR  R30
00043e 955a      	DEC  R21
00043f f7d1      	BRNE __CFD14
                 __CFD15:
000440 2000      	TST  R0
000441 f40a      	BRPL __CFD16
000442 d07f      	RCALL __ANEGD1
                 __CFD16:
000443 915f      	POP  R21
000444 9508      	RET
                 
                 __CDF1U:
000445 9468      	SET
000446 c001      	RJMP __CDF1U0
                 __CDF1:
000447 94e8      	CLT
                 __CDF1U0:
000448 9730      	SBIW R30,0
000449 4060      	SBCI R22,0
00044a 4070      	SBCI R23,0
00044b f0b1      	BREQ __CDF10
00044c 2400      	CLR  R0
00044d f026      	BRTS __CDF11
00044e 2377      	TST  R23
00044f f412      	BRPL __CDF11
000450 9400      	COM  R0
000451 d070      	RCALL __ANEGD1
                 __CDF11:
000452 2e17      	MOV  R1,R23
000453 e17e      	LDI  R23,30
000454 2011      	TST  R1
                 __CDF12:
000455 f032      	BRMI __CDF13
000456 957a      	DEC  R23
000457 0fee      	LSL  R30
000458 1fff      	ROL  R31
000459 1f66      	ROL  R22
00045a 1c11      	ROL  R1
00045b cff9      	RJMP __CDF12
                 __CDF13:
00045c 2fef      	MOV  R30,R31
00045d 2ff6      	MOV  R31,R22
00045e 2d61      	MOV  R22,R1
00045f 935f      	PUSH R21
000460 df8a      	RCALL __REPACK
000461 915f      	POP  R21
                 __CDF10:
000462 9508      	RET
                 
                 __ZERORES:
000463 27ee      	CLR  R30
000464 27ff      	CLR  R31
000465 2766      	CLR  R22
000466 2777      	CLR  R23
000467 915f      	POP  R21
000468 9508      	RET
                 
                 __MINRES:
000469 efef      	SER  R30
00046a efff      	SER  R31
00046b e76f      	LDI  R22,0x7F
00046c ef7f      	SER  R23
00046d 915f      	POP  R21
00046e 9508      	RET
                 
                 __MAXRES:
00046f efef      	SER  R30
000470 efff      	SER  R31
000471 e76f      	LDI  R22,0x7F
000472 e77f      	LDI  R23,0x7F
000473 915f      	POP  R21
000474 9508      	RET
                 
                 __DIVF21:
000475 935f      	PUSH R21
000476 df86      	RCALL __UNPACK
000477 3870      	CPI  R23,0x80
000478 f421      	BRNE __DIVF210
000479 2011      	TST  R1
                 __DIVF211:
00047a f40a      	BRPL __DIVF219
00047b cfed      	RJMP __MINRES
                 __DIVF219:
00047c cff2      	RJMP __MAXRES
                 __DIVF210:
00047d 3890      	CPI  R25,0x80
00047e f409      	BRNE __DIVF218
                 __DIVF217:
00047f cfe3      	RJMP __ZERORES
                 __DIVF218:
000480 2401      	EOR  R0,R1
000481 9408      	SEC
000482 0b97      	SBC  R25,R23
000483 f41b      	BRVC __DIVF216
000484 f3d4      	BRLT __DIVF217
000485 2000      	TST  R0
000486 cff3      	RJMP __DIVF211
                 __DIVF216:
000487 2f79      	MOV  R23,R25
000488 931f      	PUSH R17
000489 932f      	PUSH R18
00048a 933f      	PUSH R19
00048b 934f      	PUSH R20
00048c 2411      	CLR  R1
00048d 2711      	CLR  R17
00048e 2722      	CLR  R18
00048f 2733      	CLR  R19
000490 2744      	CLR  R20
000491 2755      	CLR  R21
000492 e290      	LDI  R25,32
                 __DIVF212:
000493 17ae      	CP   R26,R30
000494 07bf      	CPC  R27,R31
000495 0786      	CPC  R24,R22
000496 0741      	CPC  R20,R17
000497 f030      	BRLO __DIVF213
000498 1bae      	SUB  R26,R30
000499 0bbf      	SBC  R27,R31
00049a 0b86      	SBC  R24,R22
00049b 0b41      	SBC  R20,R17
00049c 9408      	SEC
00049d c001      	RJMP __DIVF214
                 __DIVF213:
00049e 9488      	CLC
                 __DIVF214:
00049f 1f55      	ROL  R21
0004a0 1f22      	ROL  R18
0004a1 1f33      	ROL  R19
0004a2 1c11      	ROL  R1
0004a3 1faa      	ROL  R26
0004a4 1fbb      	ROL  R27
0004a5 1f88      	ROL  R24
0004a6 1f44      	ROL  R20
0004a7 959a      	DEC  R25
0004a8 f751      	BRNE __DIVF212
0004a9 01f9      	MOVW R30,R18
0004aa 2d61      	MOV  R22,R1
0004ab 914f      	POP  R20
0004ac 913f      	POP  R19
0004ad 912f      	POP  R18
0004ae 911f      	POP  R17
0004af 2366      	TST  R22
0004b0 f032      	BRMI __DIVF215
0004b1 0f55      	LSL  R21
0004b2 1fee      	ROL  R30
0004b3 1fff      	ROL  R31
0004b4 1f66      	ROL  R22
0004b5 957a      	DEC  R23
0004b6 f243      	BRVS __DIVF217
                 __DIVF215:
0004b7 df29      	RCALL __ROUND_REPACK
0004b8 915f      	POP  R21
0004b9 9508      	RET
                 
                 __ADDW2R15:
0004ba 2400      	CLR  R0
0004bb 0daf      	ADD  R26,R15
0004bc 1db0      	ADC  R27,R0
0004bd 9508      	RET
                 
                 __ANEGW1:
0004be 95f1      	NEG  R31
0004bf 95e1      	NEG  R30
0004c0 40f0      	SBCI R31,0
0004c1 9508      	RET
                 
                 __ANEGD1:
0004c2 95f0      	COM  R31
0004c3 9560      	COM  R22
0004c4 9570      	COM  R23
0004c5 95e1      	NEG  R30
0004c6 4fff      	SBCI R31,-1
0004c7 4f6f      	SBCI R22,-1
0004c8 4f7f      	SBCI R23,-1
0004c9 9508      	RET
                 
                 __CWD1:
0004ca 2f6f      	MOV  R22,R31
0004cb 0f66      	ADD  R22,R22
0004cc 0b66      	SBC  R22,R22
0004cd 2f76      	MOV  R23,R22
0004ce 9508      	RET
                 
                 __GETW1P:
0004cf 91ed      	LD   R30,X+
0004d0 91fc      	LD   R31,X
0004d1 9711      	SBIW R26,1
0004d2 9508      	RET
                 
                 __GETW1PF:
0004d3 9005      	LPM  R0,Z+
0004d4 91f4      	LPM  R31,Z
0004d5 2de0      	MOV  R30,R0
0004d6 9508      	RET
                 
                 __PUTPARD1:
0004d7 937a      	ST   -Y,R23
0004d8 936a      	ST   -Y,R22
0004d9 93fa      	ST   -Y,R31
0004da 93ea      	ST   -Y,R30
0004db 9508      	RET
                 
                 __SAVELOCR6:
0004dc 935a      	ST   -Y,R21
                 __SAVELOCR5:
0004dd 934a      	ST   -Y,R20
                 __SAVELOCR4:
0004de 933a      	ST   -Y,R19
                 __SAVELOCR3:
0004df 932a      	ST   -Y,R18
                 __SAVELOCR2:
0004e0 931a      	ST   -Y,R17
0004e1 930a      	ST   -Y,R16
0004e2 9508      	RET
                 
                 __LOADLOCR6:
0004e3 815d      	LDD  R21,Y+5
                 __LOADLOCR5:
0004e4 814c      	LDD  R20,Y+4
                 __LOADLOCR4:
0004e5 813b      	LDD  R19,Y+3
                 __LOADLOCR3:
0004e6 812a      	LDD  R18,Y+2
                 __LOADLOCR2:
0004e7 8119      	LDD  R17,Y+1
0004e8 8108      	LD   R16,Y
0004e9 9508      	RET
                 
                 ;END OF CODE MARKER
                 __END_OF_CODE:


RESOURCE USE INFORMATION
------------------------

Notice:
The register and instruction counts are symbol table hit counts,
and hence implicitly used resources are not counted, eg, the
'lpm' instruction without operands implicitly uses r0 and z,
none of which are counted.

x,y,z are separate entities in the symbol table and are
counted separately from r26..r31 here.

.dseg memory usage only counts static data declared with .byte

ATmega32 register use summary:
r0 :  24 r1 :  14 r2 :   0 r3 :   0 r4 :   3 r5 :   0 r6 :   3 r7 :   2 
r8 :   4 r9 :   4 r10:   0 r11:   2 r12:   0 r13:   0 r14:   0 r15:   9 
r16:  37 r17:  31 r18:  34 r19:  12 r20:  15 r21:  57 r22:  39 r23:  35 
r24:  34 r25:  17 r26: 117 r27:  45 r28:  20 r29:   1 r30: 247 r31:  82 
x  :  19 y  : 213 z  :  15 
Registers used: 28 out of 35 (80.0%)

ATmega32 instruction use summary:
.lds  :   0 .lds.l:   0 .sts  :   0 .sts.l:   0 adc   :   3 add   :   4 
adiw  :  29 and   :   2 andi  :   6 asr   :   0 bclr  :   0 bld   :   1 
brbc  :   0 brbs  :   0 brcc  :   1 brcs  :   0 break :   0 breq  :  22 
brge  :   0 brhc  :   0 brhs  :   0 brid  :   0 brie  :   0 brlo  :  12 
brlt  :   1 brmi  :   4 brne  :  38 brpl  :   6 brsh  :   2 brtc  :   1 
brts  :   1 brvc  :   1 brvs  :   2 bset  :   0 bst   :   0 call  :  63 
cbi   :   5 cbr   :   0 clc   :   1 clh   :   0 cli   :   1 cln   :   0 
clr   :  22 cls   :   0 clt   :   2 clv   :   0 clz   :   0 com   :   4 
cp    :   5 cpc   :   5 cpi   :  42 cpse  :   0 dec   :  11 des   :   0 
eor   :   4 fmul  :   0 fmuls :   0 fmulsu:   0 icall :   2 ijmp  :   0 
in    :   6 inc   :   2 jmp   :  25 ld    :  40 ldd   :  81 ldi   : 126 
lds   :   0 lpm   :  14 lsl   :   9 lsr   :   1 mov   :  33 movw  :  25 
mul   :   1 muls  :   0 mulsu :   0 neg   :   4 nop   :   0 or    :   2 
ori   :   8 out   :  52 pop   :  12 push  :  11 rcall :  27 ret   :  39 
reti  :   2 rjmp  :  78 rol   :  19 ror   :   7 sbc   :   6 sbci  :   7 
sbi   :   6 sbic  :   0 sbis  :   2 sbiw  :  21 sbr   :   0 sbrc  :   2 
sbrs  :  11 sec   :   2 seh   :   0 sei   :   1 sen   :   0 ser   :   8 
ses   :   0 set   :   2 sev   :   0 sez   :   0 sleep :   0 spm   :   0 
st    :  79 std   :  35 sts   :   2 sub   :   3 subi  :  17 swap  :   1 
tst   :  14 wdr   :   1 
Instructions used: 74 out of 116 (63.8%)

ATmega32 memory use summary [bytes]:
Segment   Begin    End      Code   Data   Used    Size   Use%
---------------------------------------------------------------
[.cseg] 0x000000 0x0009d4   2470     46   2516   32768   7.7%
[.dseg] 0x000060 0x000269      0      9      9    2048   0.4%
[.eseg] 0x000000 0x000000      0      0      0    1024   0.0%

Assembly complete, 0 errors, 8 warnings
